Start auto log messages stack - Iteration 2.	[MsgId: MMSG-10545]
Buyitem.c(71): Registering web_url("public.onepagecheckout.js") was successful  	[MsgId: MMSG-26390]
Buyitem.c(79): web_url("public.accordion.js") started  	[MsgId: MMSG-26355]
Buyitem.c(79): Registering web_url("public.accordion.js") was successful  	[MsgId: MMSG-26390]
Buyitem.c(87): web_url("favicon.ico_6") started  	[MsgId: MMSG-26355]
Buyitem.c(87): Resource "https://demowebshop.tricentis.com/favicon.ico" is in the cache already and will not be downloaded again  	[MsgId: MMSG-26655]
Buyitem.c(95): web_concurrent_end started  	[MsgId: MMSG-26355]
Buyitem.c(95): web_concurrent_end was successful, 3886 body bytes, 683 header bytes  	[MsgId: MMSG-26386]
Buyitem.c(97): Notify: Transaction "buyitem" ended with a "Pass" status (Duration: 41.1048 Think Time: 40.0159 Wasted Time: 0.0007).	[MsgId: MMSG-16870]
Buyitem.c(99): Error: Cannot start transaction "logout". This Vuser already started a transaction with the same name, and has not yet processed the corresponding lr_end_transaction statement.	[MsgId: MERR-16993]
End auto log messages stack.	[MsgId: MMSG-10544]


Start auto log messages stack - Iteration 3.	[MsgId: MMSG-10545]
Buyitem.c(71): Registering web_url("public.onepagecheckout.js") was successful  	[MsgId: MMSG-26390]
Buyitem.c(79): web_url("public.accordion.js") started  	[MsgId: MMSG-26355]
Buyitem.c(79): Registering web_url("public.accordion.js") was successful  	[MsgId: MMSG-26390]
Buyitem.c(87): web_url("favicon.ico_6") started  	[MsgId: MMSG-26355]
Buyitem.c(87): Resource "https://demowebshop.tricentis.com/favicon.ico" is in the cache already and will not be downloaded again  	[MsgId: MMSG-26655]
Buyitem.c(95): web_concurrent_end started  	[MsgId: MMSG-26355]
Buyitem.c(95): web_concurrent_end was successful, 3886 body bytes, 683 header bytes  	[MsgId: MMSG-26386]
Buyitem.c(97): Notify: Transaction "buyitem" ended with a "Pass" status (Duration: 41.0736 Think Time: 40.0063 Wasted Time: 0.0004).	[MsgId: MMSG-16870]
Buyitem.c(99): Error: Cannot start transaction "logout". This Vuser already started a transaction with the same name, and has not yet processed the corresponding lr_end_transaction statement.	[MsgId: MERR-16993]
End auto log messages stack.	[MsgId: MMSG-10544]


Start auto log messages stack - Iteration 4.	[MsgId: MMSG-10545]
Buyitem.c(71): Registering web_url("public.onepagecheckout.js") was successful  	[MsgId: MMSG-26390]
Buyitem.c(79): web_url("public.accordion.js") started  	[MsgId: MMSG-26355]
Buyitem.c(79): Registering web_url("public.accordion.js") was successful  	[MsgId: MMSG-26390]
Buyitem.c(87): web_url("favicon.ico_6") started  	[MsgId: MMSG-26355]
Buyitem.c(87): Resource "https://demowebshop.tricentis.com/favicon.ico" is in the cache already and will not be downloaded again  	[MsgId: MMSG-26655]
Buyitem.c(95): web_concurrent_end started  	[MsgId: MMSG-26355]
Buyitem.c(95): web_concurrent_end was successful, 2877 body bytes, 681 header bytes  	[MsgId: MMSG-26386]
Buyitem.c(97): Notify: Transaction "buyitem" ended with a "Pass" status (Duration: 41.0680 Think Time: 40.0251 Wasted Time: 0.0004).	[MsgId: MMSG-16870]
Buyitem.c(99): Error: Cannot start transaction "logout". This Vuser already started a transaction with the same name, and has not yet processed the corresponding lr_end_transaction statement.	[MsgId: MERR-16993]
End auto log messages stack.	[MsgId: MMSG-10544]


Start auto log messages stack - Iteration 2.	[MsgId: MMSG-10545]
Buyitem.c(71): Registering web_url("public.onepagecheckout.js") was successful  	[MsgId: MMSG-26390]
Buyitem.c(79): web_url("public.accordion.js") started  	[MsgId: MMSG-26355]
Buyitem.c(79): Registering web_url("public.accordion.js") was successful  	[MsgId: MMSG-26390]
Buyitem.c(87): web_url("favicon.ico_6") started  	[MsgId: MMSG-26355]
Buyitem.c(87): Resource "https://demowebshop.tricentis.com/favicon.ico" is in the cache already and will not be downloaded again  	[MsgId: MMSG-26655]
Buyitem.c(95): web_concurrent_end started  	[MsgId: MMSG-26355]
Buyitem.c(95): web_concurrent_end was successful, 2877 body bytes, 681 header bytes  	[MsgId: MMSG-26386]
Buyitem.c(97): Notify: Transaction "buyitem" ended with a "Pass" status (Duration: 41.1273 Think Time: 40.0195 Wasted Time: 0.0006).	[MsgId: MMSG-16870]
Buyitem.c(99): Error: Cannot start transaction "logout". This Vuser already started a transaction with the same name, and has not yet processed the corresponding lr_end_transaction statement.	[MsgId: MERR-16993]
End auto log messages stack.	[MsgId: MMSG-10544]


Start auto log messages stack - Iteration 5.	[MsgId: MMSG-10545]
Buyitem.c(71): Registering web_url("public.onepagecheckout.js") was successful  	[MsgId: MMSG-26390]
Buyitem.c(79): web_url("public.accordion.js") started  	[MsgId: MMSG-26355]
Buyitem.c(79): Registering web_url("public.accordion.js") was successful  	[MsgId: MMSG-26390]
Buyitem.c(87): web_url("favicon.ico_6") started  	[MsgId: MMSG-26355]
Buyitem.c(87): Resource "https://demowebshop.tricentis.com/favicon.ico" is in the cache already and will not be downloaded again  	[MsgId: MMSG-26655]
Buyitem.c(95): web_concurrent_end started  	[MsgId: MMSG-26355]
Buyitem.c(95): web_concurrent_end was successful, 2877 body bytes, 681 header bytes  	[MsgId: MMSG-26386]
Buyitem.c(97): Notify: Transaction "buyitem" ended with a "Pass" status (Duration: 41.0333 Think Time: 40.0027 Wasted Time: 0.0007).	[MsgId: MMSG-16870]
Buyitem.c(99): Error: Cannot start transaction "logout". This Vuser already started a transaction with the same name, and has not yet processed the corresponding lr_end_transaction statement.	[MsgId: MERR-16993]
End auto log messages stack.	[MsgId: MMSG-10544]


Start auto log messages stack - Iteration 3.	[MsgId: MMSG-10545]
Buyitem.c(71): Registering web_url("public.onepagecheckout.js") was successful  	[MsgId: MMSG-26390]
Buyitem.c(79): web_url("public.accordion.js") started  	[MsgId: MMSG-26355]
Buyitem.c(79): Registering web_url("public.accordion.js") was successful  	[MsgId: MMSG-26390]
Buyitem.c(87): web_url("favicon.ico_6") started  	[MsgId: MMSG-26355]
Buyitem.c(87): Resource "https://demowebshop.tricentis.com/favicon.ico" is in the cache already and will not be downloaded again  	[MsgId: MMSG-26655]
Buyitem.c(95): web_concurrent_end started  	[MsgId: MMSG-26355]
Buyitem.c(95): web_concurrent_end was successful, 2877 body bytes, 681 header bytes  	[MsgId: MMSG-26386]
Buyitem.c(97): Notify: Transaction "buyitem" ended with a "Pass" status (Duration: 41.1465 Think Time: 40.0118 Wasted Time: 0.0007).	[MsgId: MMSG-16870]
Buyitem.c(99): Error: Cannot start transaction "logout". This Vuser already started a transaction with the same name, and has not yet processed the corresponding lr_end_transaction statement.	[MsgId: MERR-16993]
End auto log messages stack.	[MsgId: MMSG-10544]


Start auto log messages stack - Iteration 6.	[MsgId: MMSG-10545]
Buyitem.c(71): Registering web_url("public.onepagecheckout.js") was successful  	[MsgId: MMSG-26390]
Buyitem.c(79): web_url("public.accordion.js") started  	[MsgId: MMSG-26355]
Buyitem.c(79): Registering web_url("public.accordion.js") was successful  	[MsgId: MMSG-26390]
Buyitem.c(87): web_url("favicon.ico_6") started  	[MsgId: MMSG-26355]
Buyitem.c(87): Resource "https://demowebshop.tricentis.com/favicon.ico" is in the cache already and will not be downloaded again  	[MsgId: MMSG-26655]
Buyitem.c(95): web_concurrent_end started  	[MsgId: MMSG-26355]
Buyitem.c(95): web_concurrent_end was successful, 2877 body bytes, 681 header bytes  	[MsgId: MMSG-26386]
Buyitem.c(97): Notify: Transaction "buyitem" ended with a "Pass" status (Duration: 41.1077 Think Time: 40.0112 Wasted Time: 0.0006).	[MsgId: MMSG-16870]
Buyitem.c(99): Error: Cannot start transaction "logout". This Vuser already started a transaction with the same name, and has not yet processed the corresponding lr_end_transaction statement.	[MsgId: MERR-16993]
End auto log messages stack.	[MsgId: MMSG-10544]


Start auto log messages stack - Iteration 4.	[MsgId: MMSG-10545]
Buyitem.c(71): Registering web_url("public.onepagecheckout.js") was successful  	[MsgId: MMSG-26390]
Buyitem.c(79): web_url("public.accordion.js") started  	[MsgId: MMSG-26355]
Buyitem.c(79): Registering web_url("public.accordion.js") was successful  	[MsgId: MMSG-26390]
Buyitem.c(87): web_url("favicon.ico_6") started  	[MsgId: MMSG-26355]
Buyitem.c(87): Resource "https://demowebshop.tricentis.com/favicon.ico" is in the cache already and will not be downloaded again  	[MsgId: MMSG-26655]
Buyitem.c(95): web_concurrent_end started  	[MsgId: MMSG-26355]
Buyitem.c(95): web_concurrent_end was successful, 2877 body bytes, 681 header bytes  	[MsgId: MMSG-26386]
Buyitem.c(97): Notify: Transaction "buyitem" ended with a "Pass" status (Duration: 41.1113 Think Time: 40.0188 Wasted Time: 0.0008).	[MsgId: MMSG-16870]
Buyitem.c(99): Error: Cannot start transaction "logout". This Vuser already started a transaction with the same name, and has not yet processed the corresponding lr_end_transaction statement.	[MsgId: MERR-16993]
End auto log messages stack.	[MsgId: MMSG-10544]


Start auto log messages stack - Iteration 7.	[MsgId: MMSG-10545]
Buyitem.c(71): Registering web_url("public.onepagecheckout.js") was successful  	[MsgId: MMSG-26390]
Buyitem.c(79): web_url("public.accordion.js") started  	[MsgId: MMSG-26355]
Buyitem.c(79): Registering web_url("public.accordion.js") was successful  	[MsgId: MMSG-26390]
Buyitem.c(87): web_url("favicon.ico_6") started  	[MsgId: MMSG-26355]
Buyitem.c(87): Resource "https://demowebshop.tricentis.com/favicon.ico" is in the cache already and will not be downloaded again  	[MsgId: MMSG-26655]
Buyitem.c(95): web_concurrent_end started  	[MsgId: MMSG-26355]
Buyitem.c(95): web_concurrent_end was successful, 2877 body bytes, 681 header bytes  	[MsgId: MMSG-26386]
Buyitem.c(97): Notify: Transaction "buyitem" ended with a "Pass" status (Duration: 41.4120 Think Time: 40.0152 Wasted Time: 0.0007).	[MsgId: MMSG-16870]
Buyitem.c(99): Error: Cannot start transaction "logout". This Vuser already started a transaction with the same name, and has not yet processed the corresponding lr_end_transaction statement.	[MsgId: MERR-16993]
End auto log messages stack.	[MsgId: MMSG-10544]


Start auto log messages stack - Iteration 2.	[MsgId: MMSG-10545]
Buyitem.c(71): Registering web_url("public.onepagecheckout.js") was successful  	[MsgId: MMSG-26390]
Buyitem.c(79): web_url("public.accordion.js") started  	[MsgId: MMSG-26355]
Buyitem.c(79): Registering web_url("public.accordion.js") was successful  	[MsgId: MMSG-26390]
Buyitem.c(87): web_url("favicon.ico_6") started  	[MsgId: MMSG-26355]
Buyitem.c(87): Resource "https://demowebshop.tricentis.com/favicon.ico" is in the cache already and will not be downloaded again  	[MsgId: MMSG-26655]
Buyitem.c(95): web_concurrent_end started  	[MsgId: MMSG-26355]
Buyitem.c(95): web_concurrent_end was successful, 2877 body bytes, 681 header bytes  	[MsgId: MMSG-26386]
Buyitem.c(97): Notify: Transaction "buyitem" ended with a "Pass" status (Duration: 41.0520 Think Time: 40.0135 Wasted Time: 0.0007).	[MsgId: MMSG-16870]
Buyitem.c(99): Error: Cannot start transaction "logout". This Vuser already started a transaction with the same name, and has not yet processed the corresponding lr_end_transaction statement.	[MsgId: MERR-16993]
End auto log messages stack.	[MsgId: MMSG-10544]


Start auto log messages stack - Iteration 5.	[MsgId: MMSG-10545]
Buyitem.c(71): Registering web_url("public.onepagecheckout.js") was successful  	[MsgId: MMSG-26390]
Buyitem.c(79): web_url("public.accordion.js") started  	[MsgId: MMSG-26355]
Buyitem.c(79): Registering web_url("public.accordion.js") was successful  	[MsgId: MMSG-26390]
Buyitem.c(87): web_url("favicon.ico_6") started  	[MsgId: MMSG-26355]
Buyitem.c(87): Resource "https://demowebshop.tricentis.com/favicon.ico" is in the cache already and will not be downloaded again  	[MsgId: MMSG-26655]
Buyitem.c(95): web_concurrent_end started  	[MsgId: MMSG-26355]
Buyitem.c(95): web_concurrent_end was successful, 2877 body bytes, 681 header bytes  	[MsgId: MMSG-26386]
Buyitem.c(97): Notify: Transaction "buyitem" ended with a "Pass" status (Duration: 41.1045 Think Time: 40.0211 Wasted Time: 0.0007).	[MsgId: MMSG-16870]
Buyitem.c(99): Error: Cannot start transaction "logout". This Vuser already started a transaction with the same name, and has not yet processed the corresponding lr_end_transaction statement.	[MsgId: MERR-16993]
End auto log messages stack.	[MsgId: MMSG-10544]


Start auto log messages stack - Iteration 8.	[MsgId: MMSG-10545]
Buyitem.c(71): Registering web_url("public.onepagecheckout.js") was successful  	[MsgId: MMSG-26390]
Buyitem.c(79): web_url("public.accordion.js") started  	[MsgId: MMSG-26355]
Buyitem.c(79): Registering web_url("public.accordion.js") was successful  	[MsgId: MMSG-26390]
Buyitem.c(87): web_url("favicon.ico_6") started  	[MsgId: MMSG-26355]
Buyitem.c(87): Resource "https://demowebshop.tricentis.com/favicon.ico" is in the cache already and will not be downloaded again  	[MsgId: MMSG-26655]
Buyitem.c(95): web_concurrent_end started  	[MsgId: MMSG-26355]
Buyitem.c(95): web_concurrent_end was successful, 2877 body bytes, 681 header bytes  	[MsgId: MMSG-26386]
Buyitem.c(97): Notify: Transaction "buyitem" ended with a "Pass" status (Duration: 41.1086 Think Time: 40.0213 Wasted Time: 0.0006).	[MsgId: MMSG-16870]
Buyitem.c(99): Error: Cannot start transaction "logout". This Vuser already started a transaction with the same name, and has not yet processed the corresponding lr_end_transaction statement.	[MsgId: MERR-16993]
End auto log messages stack.	[MsgId: MMSG-10544]


Start auto log messages stack - Iteration 3.	[MsgId: MMSG-10545]
Buyitem.c(71): Registering web_url("public.onepagecheckout.js") was successful  	[MsgId: MMSG-26390]
Buyitem.c(79): web_url("public.accordion.js") started  	[MsgId: MMSG-26355]
Buyitem.c(79): Registering web_url("public.accordion.js") was successful  	[MsgId: MMSG-26390]
Buyitem.c(87): web_url("favicon.ico_6") started  	[MsgId: MMSG-26355]
Buyitem.c(87): Resource "https://demowebshop.tricentis.com/favicon.ico" is in the cache already and will not be downloaded again  	[MsgId: MMSG-26655]
Buyitem.c(95): web_concurrent_end started  	[MsgId: MMSG-26355]
Buyitem.c(95): web_concurrent_end was successful, 2877 body bytes, 681 header bytes  	[MsgId: MMSG-26386]
Buyitem.c(97): Notify: Transaction "buyitem" ended with a "Pass" status (Duration: 41.2857 Think Time: 40.0185 Wasted Time: 0.0007).	[MsgId: MMSG-16870]
Buyitem.c(99): Error: Cannot start transaction "logout". This Vuser already started a transaction with the same name, and has not yet processed the corresponding lr_end_transaction statement.	[MsgId: MERR-16993]
End auto log messages stack.	[MsgId: MMSG-10544]


Start auto log messages stack - Iteration 6.	[MsgId: MMSG-10545]
Buyitem.c(71): Registering web_url("public.onepagecheckout.js") was successful  	[MsgId: MMSG-26390]
Buyitem.c(79): web_url("public.accordion.js") started  	[MsgId: MMSG-26355]
Buyitem.c(79): Registering web_url("public.accordion.js") was successful  	[MsgId: MMSG-26390]
Buyitem.c(87): web_url("favicon.ico_6") started  	[MsgId: MMSG-26355]
Buyitem.c(87): Resource "https://demowebshop.tricentis.com/favicon.ico" is in the cache already and will not be downloaded again  	[MsgId: MMSG-26655]
Buyitem.c(95): web_concurrent_end started  	[MsgId: MMSG-26355]
Buyitem.c(95): web_concurrent_end was successful, 2877 body bytes, 681 header bytes  	[MsgId: MMSG-26386]
Buyitem.c(97): Notify: Transaction "buyitem" ended with a "Pass" status (Duration: 41.1129 Think Time: 40.0084 Wasted Time: 0.0005).	[MsgId: MMSG-16870]
Buyitem.c(99): Error: Cannot start transaction "logout". This Vuser already started a transaction with the same name, and has not yet processed the corresponding lr_end_transaction statement.	[MsgId: MERR-16993]
End auto log messages stack.	[MsgId: MMSG-10544]


Start auto log messages stack - Iteration 9.	[MsgId: MMSG-10545]
Buyitem.c(71): Registering web_url("public.onepagecheckout.js") was successful  	[MsgId: MMSG-26390]
Buyitem.c(79): web_url("public.accordion.js") started  	[MsgId: MMSG-26355]
Buyitem.c(79): Registering web_url("public.accordion.js") was successful  	[MsgId: MMSG-26390]
Buyitem.c(87): web_url("favicon.ico_6") started  	[MsgId: MMSG-26355]
Buyitem.c(87): Resource "https://demowebshop.tricentis.com/favicon.ico" is in the cache already and will not be downloaded again  	[MsgId: MMSG-26655]
Buyitem.c(95): web_concurrent_end started  	[MsgId: MMSG-26355]
Buyitem.c(95): web_concurrent_end was successful, 2877 body bytes, 681 header bytes  	[MsgId: MMSG-26386]
Buyitem.c(97): Notify: Transaction "buyitem" ended with a "Pass" status (Duration: 41.0530 Think Time: 40.0010 Wasted Time: 0.0004).	[MsgId: MMSG-16870]
Buyitem.c(99): Error: Cannot start transaction "logout". This Vuser already started a transaction with the same name, and has not yet processed the corresponding lr_end_transaction statement.	[MsgId: MERR-16993]
End auto log messages stack.	[MsgId: MMSG-10544]


Start auto log messages stack - Iteration 4.	[MsgId: MMSG-10545]
Buyitem.c(71): Registering web_url("public.onepagecheckout.js") was successful  	[MsgId: MMSG-26390]
Buyitem.c(79): web_url("public.accordion.js") started  	[MsgId: MMSG-26355]
Buyitem.c(79): Registering web_url("public.accordion.js") was successful  	[MsgId: MMSG-26390]
Buyitem.c(87): web_url("favicon.ico_6") started  	[MsgId: MMSG-26355]
Buyitem.c(87): Resource "https://demowebshop.tricentis.com/favicon.ico" is in the cache already and will not be downloaded again  	[MsgId: MMSG-26655]
Buyitem.c(95): web_concurrent_end started  	[MsgId: MMSG-26355]
Buyitem.c(95): web_concurrent_end was successful, 2877 body bytes, 681 header bytes  	[MsgId: MMSG-26386]
Buyitem.c(97): Notify: Transaction "buyitem" ended with a "Pass" status (Duration: 41.0667 Think Time: 40.0103 Wasted Time: 0.0007).	[MsgId: MMSG-16870]
Buyitem.c(99): Error: Cannot start transaction "logout". This Vuser already started a transaction with the same name, and has not yet processed the corresponding lr_end_transaction statement.	[MsgId: MERR-16993]
End auto log messages stack.	[MsgId: MMSG-10544]


Start auto log messages stack - Iteration 7.	[MsgId: MMSG-10545]
Buyitem.c(71): Registering web_url("public.onepagecheckout.js") was successful  	[MsgId: MMSG-26390]
Buyitem.c(79): web_url("public.accordion.js") started  	[MsgId: MMSG-26355]
Buyitem.c(79): Registering web_url("public.accordion.js") was successful  	[MsgId: MMSG-26390]
Buyitem.c(87): web_url("favicon.ico_6") started  	[MsgId: MMSG-26355]
Buyitem.c(87): Resource "https://demowebshop.tricentis.com/favicon.ico" is in the cache already and will not be downloaded again  	[MsgId: MMSG-26655]
Buyitem.c(95): web_concurrent_end started  	[MsgId: MMSG-26355]
Buyitem.c(95): web_concurrent_end was successful, 2877 body bytes, 681 header bytes  	[MsgId: MMSG-26386]
Buyitem.c(97): Notify: Transaction "buyitem" ended with a "Pass" status (Duration: 41.1007 Think Time: 40.0220 Wasted Time: 0.0008).	[MsgId: MMSG-16870]
Buyitem.c(99): Error: Cannot start transaction "logout". This Vuser already started a transaction with the same name, and has not yet processed the corresponding lr_end_transaction statement.	[MsgId: MERR-16993]
End auto log messages stack.	[MsgId: MMSG-10544]


Start auto log messages stack - Iteration 2.	[MsgId: MMSG-10545]
Buyitem.c(71): Registering web_url("public.onepagecheckout.js") was successful  	[MsgId: MMSG-26390]
Buyitem.c(79): web_url("public.accordion.js") started  	[MsgId: MMSG-26355]
Buyitem.c(79): Registering web_url("public.accordion.js") was successful  	[MsgId: MMSG-26390]
Buyitem.c(87): web_url("favicon.ico_6") started  	[MsgId: MMSG-26355]
Buyitem.c(87): Resource "https://demowebshop.tricentis.com/favicon.ico" is in the cache already and will not be downloaded again  	[MsgId: MMSG-26655]
Buyitem.c(95): web_concurrent_end started  	[MsgId: MMSG-26355]
Buyitem.c(95): web_concurrent_end was successful, 2877 body bytes, 681 header bytes  	[MsgId: MMSG-26386]
Buyitem.c(97): Notify: Transaction "buyitem" ended with a "Pass" status (Duration: 42.1120 Think Time: 40.0121 Wasted Time: 0.0007).	[MsgId: MMSG-16870]
Buyitem.c(99): Error: Cannot start transaction "logout". This Vuser already started a transaction with the same name, and has not yet processed the corresponding lr_end_transaction statement.	[MsgId: MERR-16993]
End auto log messages stack.	[MsgId: MMSG-10544]


Start auto log messages stack - Iteration 10.	[MsgId: MMSG-10545]
Buyitem.c(71): Registering web_url("public.onepagecheckout.js") was successful  	[MsgId: MMSG-26390]
Buyitem.c(79): web_url("public.accordion.js") started  	[MsgId: MMSG-26355]
Buyitem.c(79): Registering web_url("public.accordion.js") was successful  	[MsgId: MMSG-26390]
Buyitem.c(87): web_url("favicon.ico_6") started  	[MsgId: MMSG-26355]
Buyitem.c(87): Resource "https://demowebshop.tricentis.com/favicon.ico" is in the cache already and will not be downloaded again  	[MsgId: MMSG-26655]
Buyitem.c(95): web_concurrent_end started  	[MsgId: MMSG-26355]
Buyitem.c(95): web_concurrent_end was successful, 2877 body bytes, 681 header bytes  	[MsgId: MMSG-26386]
Buyitem.c(97): Notify: Transaction "buyitem" ended with a "Pass" status (Duration: 41.4190 Think Time: 40.0137 Wasted Time: 0.0006).	[MsgId: MMSG-16870]
Buyitem.c(99): Error: Cannot start transaction "logout". This Vuser already started a transaction with the same name, and has not yet processed the corresponding lr_end_transaction statement.	[MsgId: MERR-16993]
End auto log messages stack.	[MsgId: MMSG-10544]


Start auto log messages stack - Iteration 5.	[MsgId: MMSG-10545]
Buyitem.c(71): Registering web_url("public.onepagecheckout.js") was successful  	[MsgId: MMSG-26390]
Buyitem.c(79): web_url("public.accordion.js") started  	[MsgId: MMSG-26355]
Buyitem.c(79): Registering web_url("public.accordion.js") was successful  	[MsgId: MMSG-26390]
Buyitem.c(87): web_url("favicon.ico_6") started  	[MsgId: MMSG-26355]
Buyitem.c(87): Resource "https://demowebshop.tricentis.com/favicon.ico" is in the cache already and will not be downloaded again  	[MsgId: MMSG-26655]
Buyitem.c(95): web_concurrent_end started  	[MsgId: MMSG-26355]
Buyitem.c(95): web_concurrent_end was successful, 2877 body bytes, 681 header bytes  	[MsgId: MMSG-26386]
Buyitem.c(97): Notify: Transaction "buyitem" ended with a "Pass" status (Duration: 41.0841 Think Time: 40.0123 Wasted Time: 0.0004).	[MsgId: MMSG-16870]
Buyitem.c(99): Error: Cannot start transaction "logout". This Vuser already started a transaction with the same name, and has not yet processed the corresponding lr_end_transaction statement.	[MsgId: MERR-16993]
End auto log messages stack.	[MsgId: MMSG-10544]


Start auto log messages stack - Iteration 8.	[MsgId: MMSG-10545]
Buyitem.c(71): Registering web_url("public.onepagecheckout.js") was successful  	[MsgId: MMSG-26390]
Buyitem.c(79): web_url("public.accordion.js") started  	[MsgId: MMSG-26355]
Buyitem.c(79): Registering web_url("public.accordion.js") was successful  	[MsgId: MMSG-26390]
Buyitem.c(87): web_url("favicon.ico_6") started  	[MsgId: MMSG-26355]
Buyitem.c(87): Resource "https://demowebshop.tricentis.com/favicon.ico" is in the cache already and will not be downloaded again  	[MsgId: MMSG-26655]
Buyitem.c(95): web_concurrent_end started  	[MsgId: MMSG-26355]
Buyitem.c(95): web_concurrent_end was successful, 2877 body bytes, 681 header bytes  	[MsgId: MMSG-26386]
Buyitem.c(97): Notify: Transaction "buyitem" ended with a "Pass" status (Duration: 41.1248 Think Time: 40.0237 Wasted Time: 0.0003).	[MsgId: MMSG-16870]
Buyitem.c(99): Error: Cannot start transaction "logout". This Vuser already started a transaction with the same name, and has not yet processed the corresponding lr_end_transaction statement.	[MsgId: MERR-16993]
End auto log messages stack.	[MsgId: MMSG-10544]


Start auto log messages stack - Iteration 3.	[MsgId: MMSG-10545]
Buyitem.c(71): Registering web_url("public.onepagecheckout.js") was successful  	[MsgId: MMSG-26390]
Buyitem.c(79): web_url("public.accordion.js") started  	[MsgId: MMSG-26355]
Buyitem.c(79): Registering web_url("public.accordion.js") was successful  	[MsgId: MMSG-26390]
Buyitem.c(87): web_url("favicon.ico_6") started  	[MsgId: MMSG-26355]
Buyitem.c(87): Resource "https://demowebshop.tricentis.com/favicon.ico" is in the cache already and will not be downloaded again  	[MsgId: MMSG-26655]
Buyitem.c(95): web_concurrent_end started  	[MsgId: MMSG-26355]
Buyitem.c(95): web_concurrent_end was successful, 2877 body bytes, 681 header bytes  	[MsgId: MMSG-26386]
Buyitem.c(97): Notify: Transaction "buyitem" ended with a "Pass" status (Duration: 41.1012 Think Time: 40.0215 Wasted Time: 0.0005).	[MsgId: MMSG-16870]
Buyitem.c(99): Error: Cannot start transaction "logout". This Vuser already started a transaction with the same name, and has not yet processed the corresponding lr_end_transaction statement.	[MsgId: MERR-16993]
End auto log messages stack.	[MsgId: MMSG-10544]


Start auto log messages stack - Iteration 11.	[MsgId: MMSG-10545]
Buyitem.c(71): Registering web_url("public.onepagecheckout.js") was successful  	[MsgId: MMSG-26390]
Buyitem.c(79): web_url("public.accordion.js") started  	[MsgId: MMSG-26355]
Buyitem.c(79): Registering web_url("public.accordion.js") was successful  	[MsgId: MMSG-26390]
Buyitem.c(87): web_url("favicon.ico_6") started  	[MsgId: MMSG-26355]
Buyitem.c(87): Resource "https://demowebshop.tricentis.com/favicon.ico" is in the cache already and will not be downloaded again  	[MsgId: MMSG-26655]
Buyitem.c(95): web_concurrent_end started  	[MsgId: MMSG-26355]
Buyitem.c(95): web_concurrent_end was successful, 2877 body bytes, 681 header bytes  	[MsgId: MMSG-26386]
Buyitem.c(97): Notify: Transaction "buyitem" ended with a "Pass" status (Duration: 41.0483 Think Time: 40.0091 Wasted Time: 0.0006).	[MsgId: MMSG-16870]
Buyitem.c(99): Error: Cannot start transaction "logout". This Vuser already started a transaction with the same name, and has not yet processed the corresponding lr_end_transaction statement.	[MsgId: MERR-16993]
End auto log messages stack.	[MsgId: MMSG-10544]


Start auto log messages stack - Iteration 6.	[MsgId: MMSG-10545]
Buyitem.c(71): Registering web_url("public.onepagecheckout.js") was successful  	[MsgId: MMSG-26390]
Buyitem.c(79): web_url("public.accordion.js") started  	[MsgId: MMSG-26355]
Buyitem.c(79): Registering web_url("public.accordion.js") was successful  	[MsgId: MMSG-26390]
Buyitem.c(87): web_url("favicon.ico_6") started  	[MsgId: MMSG-26355]
Buyitem.c(87): Resource "https://demowebshop.tricentis.com/favicon.ico" is in the cache already and will not be downloaded again  	[MsgId: MMSG-26655]
Buyitem.c(95): web_concurrent_end started  	[MsgId: MMSG-26355]
Buyitem.c(95): web_concurrent_end was successful, 2877 body bytes, 681 header bytes  	[MsgId: MMSG-26386]
Buyitem.c(97): Notify: Transaction "buyitem" ended with a "Pass" status (Duration: 41.6040 Think Time: 40.0211 Wasted Time: 0.0035).	[MsgId: MMSG-16870]
Buyitem.c(99): Error: Cannot start transaction "logout". This Vuser already started a transaction with the same name, and has not yet processed the corresponding lr_end_transaction statement.	[MsgId: MERR-16993]
End auto log messages stack.	[MsgId: MMSG-10544]


Start auto log messages stack - Iteration 9.	[MsgId: MMSG-10545]
Buyitem.c(71): Registering web_url("public.onepagecheckout.js") was successful  	[MsgId: MMSG-26390]
Buyitem.c(79): web_url("public.accordion.js") started  	[MsgId: MMSG-26355]
Buyitem.c(79): Registering web_url("public.accordion.js") was successful  	[MsgId: MMSG-26390]
Buyitem.c(87): web_url("favicon.ico_6") started  	[MsgId: MMSG-26355]
Buyitem.c(87): Resource "https://demowebshop.tricentis.com/favicon.ico" is in the cache already and will not be downloaded again  	[MsgId: MMSG-26655]
Buyitem.c(95): web_concurrent_end started  	[MsgId: MMSG-26355]
Buyitem.c(95): web_concurrent_end was successful, 2877 body bytes, 681 header bytes  	[MsgId: MMSG-26386]
Buyitem.c(97): Notify: Transaction "buyitem" ended with a "Pass" status (Duration: 44.9315 Think Time: 40.0249 Wasted Time: 0.0005).	[MsgId: MMSG-16870]
Buyitem.c(99): Error: Cannot start transaction "logout". This Vuser already started a transaction with the same name, and has not yet processed the corresponding lr_end_transaction statement.	[MsgId: MERR-16993]
End auto log messages stack.	[MsgId: MMSG-10544]


Start auto log messages stack - Iteration 4.	[MsgId: MMSG-10545]
Buyitem.c(71): Registering web_url("public.onepagecheckout.js") was successful  	[MsgId: MMSG-26390]
Buyitem.c(79): web_url("public.accordion.js") started  	[MsgId: MMSG-26355]
Buyitem.c(79): Registering web_url("public.accordion.js") was successful  	[MsgId: MMSG-26390]
Buyitem.c(87): web_url("favicon.ico_6") started  	[MsgId: MMSG-26355]
Buyitem.c(87): Resource "https://demowebshop.tricentis.com/favicon.ico" is in the cache already and will not be downloaded again  	[MsgId: MMSG-26655]
Buyitem.c(95): web_concurrent_end started  	[MsgId: MMSG-26355]
Buyitem.c(95): web_concurrent_end was successful, 2877 body bytes, 681 header bytes  	[MsgId: MMSG-26386]
Buyitem.c(97): Notify: Transaction "buyitem" ended with a "Pass" status (Duration: 42.5147 Think Time: 40.0210 Wasted Time: 0.0008).	[MsgId: MMSG-16870]
Buyitem.c(99): Error: Cannot start transaction "logout". This Vuser already started a transaction with the same name, and has not yet processed the corresponding lr_end_transaction statement.	[MsgId: MERR-16993]
End auto log messages stack.	[MsgId: MMSG-10544]


Start auto log messages stack - Iteration 12.	[MsgId: MMSG-10545]
Buyitem.c(71): Registering web_url("public.onepagecheckout.js") was successful  	[MsgId: MMSG-26390]
Buyitem.c(79): web_url("public.accordion.js") started  	[MsgId: MMSG-26355]
Buyitem.c(79): Registering web_url("public.accordion.js") was successful  	[MsgId: MMSG-26390]
Buyitem.c(87): web_url("favicon.ico_6") started  	[MsgId: MMSG-26355]
Buyitem.c(87): Resource "https://demowebshop.tricentis.com/favicon.ico" is in the cache already and will not be downloaded again  	[MsgId: MMSG-26655]
Buyitem.c(95): web_concurrent_end started  	[MsgId: MMSG-26355]
Buyitem.c(95): web_concurrent_end was successful, 2877 body bytes, 681 header bytes  	[MsgId: MMSG-26386]
Buyitem.c(97): Notify: Transaction "buyitem" ended with a "Pass" status (Duration: 41.2559 Think Time: 40.0148 Wasted Time: 0.0006).	[MsgId: MMSG-16870]
Buyitem.c(99): Error: Cannot start transaction "logout". This Vuser already started a transaction with the same name, and has not yet processed the corresponding lr_end_transaction statement.	[MsgId: MERR-16993]
End auto log messages stack.	[MsgId: MMSG-10544]


Start auto log messages stack - Iteration 7.	[MsgId: MMSG-10545]
Buyitem.c(71): Registering web_url("public.onepagecheckout.js") was successful  	[MsgId: MMSG-26390]
Buyitem.c(79): web_url("public.accordion.js") started  	[MsgId: MMSG-26355]
Buyitem.c(79): Registering web_url("public.accordion.js") was successful  	[MsgId: MMSG-26390]
Buyitem.c(87): web_url("favicon.ico_6") started  	[MsgId: MMSG-26355]
Buyitem.c(87): Resource "https://demowebshop.tricentis.com/favicon.ico" is in the cache already and will not be downloaded again  	[MsgId: MMSG-26655]
Buyitem.c(95): web_concurrent_end started  	[MsgId: MMSG-26355]
Buyitem.c(95): web_concurrent_end was successful, 2877 body bytes, 681 header bytes  	[MsgId: MMSG-26386]
Buyitem.c(97): Notify: Transaction "buyitem" ended with a "Pass" status (Duration: 43.4869 Think Time: 40.0208 Wasted Time: 0.0005).	[MsgId: MMSG-16870]
Buyitem.c(99): Error: Cannot start transaction "logout". This Vuser already started a transaction with the same name, and has not yet processed the corresponding lr_end_transaction statement.	[MsgId: MERR-16993]
End auto log messages stack.	[MsgId: MMSG-10544]


Start auto log messages stack - Iteration 10.	[MsgId: MMSG-10545]
Buyitem.c(71): Registering web_url("public.onepagecheckout.js") was successful  	[MsgId: MMSG-26390]
Buyitem.c(79): web_url("public.accordion.js") started  	[MsgId: MMSG-26355]
Buyitem.c(79): Registering web_url("public.accordion.js") was successful  	[MsgId: MMSG-26390]
Buyitem.c(87): web_url("favicon.ico_6") started  	[MsgId: MMSG-26355]
Buyitem.c(87): Resource "https://demowebshop.tricentis.com/favicon.ico" is in the cache already and will not be downloaded again  	[MsgId: MMSG-26655]
Buyitem.c(95): web_concurrent_end started  	[MsgId: MMSG-26355]
Buyitem.c(95): web_concurrent_end was successful, 2877 body bytes, 681 header bytes  	[MsgId: MMSG-26386]
Buyitem.c(97): Notify: Transaction "buyitem" ended with a "Pass" status (Duration: 45.1218 Think Time: 40.0119 Wasted Time: 0.0007).	[MsgId: MMSG-16870]
Buyitem.c(99): Error: Cannot start transaction "logout". This Vuser already started a transaction with the same name, and has not yet processed the corresponding lr_end_transaction statement.	[MsgId: MERR-16993]
End auto log messages stack.	[MsgId: MMSG-10544]


Start auto log messages stack - Iteration 2.	[MsgId: MMSG-10545]
Buyitem.c(71): Registering web_url("public.onepagecheckout.js") was successful  	[MsgId: MMSG-26390]
Buyitem.c(79): web_url("public.accordion.js") started  	[MsgId: MMSG-26355]
Buyitem.c(79): Registering web_url("public.accordion.js") was successful  	[MsgId: MMSG-26390]
Buyitem.c(87): web_url("favicon.ico_6") started  	[MsgId: MMSG-26355]
Buyitem.c(87): Resource "https://demowebshop.tricentis.com/favicon.ico" is in the cache already and will not be downloaded again  	[MsgId: MMSG-26655]
Buyitem.c(95): web_concurrent_end started  	[MsgId: MMSG-26355]
Buyitem.c(95): web_concurrent_end was successful, 2877 body bytes, 681 header bytes  	[MsgId: MMSG-26386]
Buyitem.c(97): Notify: Transaction "buyitem" ended with a "Pass" status (Duration: 44.6296 Think Time: 40.0048 Wasted Time: 0.0005).	[MsgId: MMSG-16870]
Buyitem.c(99): Error: Cannot start transaction "logout". This Vuser already started a transaction with the same name, and has not yet processed the corresponding lr_end_transaction statement.	[MsgId: MERR-16993]
End auto log messages stack.	[MsgId: MMSG-10544]


Start auto log messages stack - Iteration 13.	[MsgId: MMSG-10545]
Buyitem.c(71): Registering web_url("public.onepagecheckout.js") was successful  	[MsgId: MMSG-26390]
Buyitem.c(79): web_url("public.accordion.js") started  	[MsgId: MMSG-26355]
Buyitem.c(79): Registering web_url("public.accordion.js") was successful  	[MsgId: MMSG-26390]
Buyitem.c(87): web_url("favicon.ico_6") started  	[MsgId: MMSG-26355]
Buyitem.c(87): Resource "https://demowebshop.tricentis.com/favicon.ico" is in the cache already and will not be downloaded again  	[MsgId: MMSG-26655]
Buyitem.c(95): web_concurrent_end started  	[MsgId: MMSG-26355]
Buyitem.c(95): web_concurrent_end was successful, 2877 body bytes, 681 header bytes  	[MsgId: MMSG-26386]
Buyitem.c(97): Notify: Transaction "buyitem" ended with a "Pass" status (Duration: 41.0829 Think Time: 40.0121 Wasted Time: 0.0010).	[MsgId: MMSG-16870]
Buyitem.c(99): Error: Cannot start transaction "logout". This Vuser already started a transaction with the same name, and has not yet processed the corresponding lr_end_transaction statement.	[MsgId: MERR-16993]
End auto log messages stack.	[MsgId: MMSG-10544]


Start auto log messages stack - Iteration 5.	[MsgId: MMSG-10545]
Buyitem.c(71): Registering web_url("public.onepagecheckout.js") was successful  	[MsgId: MMSG-26390]
Buyitem.c(79): web_url("public.accordion.js") started  	[MsgId: MMSG-26355]
Buyitem.c(79): Registering web_url("public.accordion.js") was successful  	[MsgId: MMSG-26390]
Buyitem.c(87): web_url("favicon.ico_6") started  	[MsgId: MMSG-26355]
Buyitem.c(87): Resource "https://demowebshop.tricentis.com/favicon.ico" is in the cache already and will not be downloaded again  	[MsgId: MMSG-26655]
Buyitem.c(95): web_concurrent_end started  	[MsgId: MMSG-26355]
Buyitem.c(95): web_concurrent_end was successful, 2877 body bytes, 681 header bytes  	[MsgId: MMSG-26386]
Buyitem.c(97): Notify: Transaction "buyitem" ended with a "Pass" status (Duration: 41.4391 Think Time: 40.0225 Wasted Time: 0.0005).	[MsgId: MMSG-16870]
Buyitem.c(99): Error: Cannot start transaction "logout". This Vuser already started a transaction with the same name, and has not yet processed the corresponding lr_end_transaction statement.	[MsgId: MERR-16993]
End auto log messages stack.	[MsgId: MMSG-10544]


Start auto log messages stack - Iteration 8.	[MsgId: MMSG-10545]
Buyitem.c(71): Registering web_url("public.onepagecheckout.js") was successful  	[MsgId: MMSG-26390]
Buyitem.c(79): web_url("public.accordion.js") started  	[MsgId: MMSG-26355]
Buyitem.c(79): Registering web_url("public.accordion.js") was successful  	[MsgId: MMSG-26390]
Buyitem.c(87): web_url("favicon.ico_6") started  	[MsgId: MMSG-26355]
Buyitem.c(87): Resource "https://demowebshop.tricentis.com/favicon.ico" is in the cache already and will not be downloaded again  	[MsgId: MMSG-26655]
Buyitem.c(95): web_concurrent_end started  	[MsgId: MMSG-26355]
Buyitem.c(95): web_concurrent_end was successful, 2877 body bytes, 681 header bytes  	[MsgId: MMSG-26386]
Buyitem.c(97): Notify: Transaction "buyitem" ended with a "Pass" status (Duration: 41.1339 Think Time: 40.0124 Wasted Time: 0.0006).	[MsgId: MMSG-16870]
Buyitem.c(99): Error: Cannot start transaction "logout". This Vuser already started a transaction with the same name, and has not yet processed the corresponding lr_end_transaction statement.	[MsgId: MERR-16993]
End auto log messages stack.	[MsgId: MMSG-10544]


