Start auto log messages stack - Iteration 2.	[MsgId: MMSG-10545]
Buyitem.c(71): Registering web_url("public.onepagecheckout.js") was successful  	[MsgId: MMSG-26390]
Buyitem.c(79): web_url("public.accordion.js") started  	[MsgId: MMSG-26355]
Buyitem.c(79): Registering web_url("public.accordion.js") was successful  	[MsgId: MMSG-26390]
Buyitem.c(87): web_url("favicon.ico_6") started  	[MsgId: MMSG-26355]
Buyitem.c(87): Resource "https://demowebshop.tricentis.com/favicon.ico" is in the cache already and will not be downloaded again  	[MsgId: MMSG-26655]
Buyitem.c(95): web_concurrent_end started  	[MsgId: MMSG-26355]
Buyitem.c(95): web_concurrent_end was successful, 2877 body bytes, 681 header bytes  	[MsgId: MMSG-26386]
Buyitem.c(97): Notify: Transaction "buyitem" ended with a "Pass" status (Duration: 41.2113 Think Time: 40.0188 Wasted Time: 0.0005).	[MsgId: MMSG-16870]
Buyitem.c(99): Error: Cannot start transaction "logout". This Vuser already started a transaction with the same name, and has not yet processed the corresponding lr_end_transaction statement.	[MsgId: MERR-16993]
End auto log messages stack.	[MsgId: MMSG-10544]


Start auto log messages stack - Iteration 2.	[MsgId: MMSG-10545]
Buyitem.c(71): Registering web_url("public.onepagecheckout.js") was successful  	[MsgId: MMSG-26390]
Buyitem.c(79): web_url("public.accordion.js") started  	[MsgId: MMSG-26355]
Buyitem.c(79): Registering web_url("public.accordion.js") was successful  	[MsgId: MMSG-26390]
Buyitem.c(87): web_url("favicon.ico_6") started  	[MsgId: MMSG-26355]
Buyitem.c(87): Resource "https://demowebshop.tricentis.com/favicon.ico" is in the cache already and will not be downloaded again  	[MsgId: MMSG-26655]
Buyitem.c(95): web_concurrent_end started  	[MsgId: MMSG-26355]
Buyitem.c(95): web_concurrent_end was successful, 2877 body bytes, 681 header bytes  	[MsgId: MMSG-26386]
Buyitem.c(97): Notify: Transaction "buyitem" ended with a "Pass" status (Duration: 41.1152 Think Time: 40.0223 Wasted Time: 0.0009).	[MsgId: MMSG-16870]
Buyitem.c(99): Error: Cannot start transaction "logout". This Vuser already started a transaction with the same name, and has not yet processed the corresponding lr_end_transaction statement.	[MsgId: MERR-16993]
End auto log messages stack.	[MsgId: MMSG-10544]


Start auto log messages stack - Iteration 2.	[MsgId: MMSG-10545]
Buyitem.c(71): Registering web_url("public.onepagecheckout.js") was successful  	[MsgId: MMSG-26390]
Buyitem.c(79): web_url("public.accordion.js") started  	[MsgId: MMSG-26355]
Buyitem.c(79): Registering web_url("public.accordion.js") was successful  	[MsgId: MMSG-26390]
Buyitem.c(87): web_url("favicon.ico_6") started  	[MsgId: MMSG-26355]
Buyitem.c(87): Resource "https://demowebshop.tricentis.com/favicon.ico" is in the cache already and will not be downloaded again  	[MsgId: MMSG-26655]
Buyitem.c(95): web_concurrent_end started  	[MsgId: MMSG-26355]
Buyitem.c(95): web_concurrent_end was successful, 2877 body bytes, 681 header bytes  	[MsgId: MMSG-26386]
Buyitem.c(97): Notify: Transaction "buyitem" ended with a "Pass" status (Duration: 41.1266 Think Time: 40.0266 Wasted Time: 0.0007).	[MsgId: MMSG-16870]
Buyitem.c(99): Error: Cannot start transaction "logout". This Vuser already started a transaction with the same name, and has not yet processed the corresponding lr_end_transaction statement.	[MsgId: MERR-16993]
End auto log messages stack.	[MsgId: MMSG-10544]


Start auto log messages stack - Iteration 2.	[MsgId: MMSG-10545]
Buyitem.c(71): Registering web_url("public.onepagecheckout.js") was successful  	[MsgId: MMSG-26390]
Buyitem.c(79): web_url("public.accordion.js") started  	[MsgId: MMSG-26355]
Buyitem.c(79): Registering web_url("public.accordion.js") was successful  	[MsgId: MMSG-26390]
Buyitem.c(87): web_url("favicon.ico_6") started  	[MsgId: MMSG-26355]
Buyitem.c(87): Resource "https://demowebshop.tricentis.com/favicon.ico" is in the cache already and will not be downloaded again  	[MsgId: MMSG-26655]
Buyitem.c(95): web_concurrent_end started  	[MsgId: MMSG-26355]
Buyitem.c(95): web_concurrent_end was successful, 2877 body bytes, 681 header bytes  	[MsgId: MMSG-26386]
Buyitem.c(97): Notify: Transaction "buyitem" ended with a "Pass" status (Duration: 41.0866 Think Time: 40.0195 Wasted Time: 0.0006).	[MsgId: MMSG-16870]
Buyitem.c(99): Error: Cannot start transaction "logout". This Vuser already started a transaction with the same name, and has not yet processed the corresponding lr_end_transaction statement.	[MsgId: MERR-16993]
End auto log messages stack.	[MsgId: MMSG-10544]


Start auto log messages stack - Iteration 2.	[MsgId: MMSG-10545]
Buyitem.c(71): Registering web_url("public.onepagecheckout.js") was successful  	[MsgId: MMSG-26390]
Buyitem.c(79): web_url("public.accordion.js") started  	[MsgId: MMSG-26355]
Buyitem.c(79): Registering web_url("public.accordion.js") was successful  	[MsgId: MMSG-26390]
Buyitem.c(87): web_url("favicon.ico_6") started  	[MsgId: MMSG-26355]
Buyitem.c(87): Resource "https://demowebshop.tricentis.com/favicon.ico" is in the cache already and will not be downloaded again  	[MsgId: MMSG-26655]
Buyitem.c(95): web_concurrent_end started  	[MsgId: MMSG-26355]
Buyitem.c(95): web_concurrent_end was successful, 2877 body bytes, 681 header bytes  	[MsgId: MMSG-26386]
Buyitem.c(97): Notify: Transaction "buyitem" ended with a "Pass" status (Duration: 41.0474 Think Time: 40.0032 Wasted Time: 0.0006).	[MsgId: MMSG-16870]
Buyitem.c(99): Error: Cannot start transaction "logout". This Vuser already started a transaction with the same name, and has not yet processed the corresponding lr_end_transaction statement.	[MsgId: MERR-16993]
End auto log messages stack.	[MsgId: MMSG-10544]


Start auto log messages stack - Iteration 2.	[MsgId: MMSG-10545]
Buyitem.c(71): Registering web_url("public.onepagecheckout.js") was successful  	[MsgId: MMSG-26390]
Buyitem.c(79): web_url("public.accordion.js") started  	[MsgId: MMSG-26355]
Buyitem.c(79): Registering web_url("public.accordion.js") was successful  	[MsgId: MMSG-26390]
Buyitem.c(87): web_url("favicon.ico_6") started  	[MsgId: MMSG-26355]
Buyitem.c(87): Resource "https://demowebshop.tricentis.com/favicon.ico" is in the cache already and will not be downloaded again  	[MsgId: MMSG-26655]
Buyitem.c(95): web_concurrent_end started  	[MsgId: MMSG-26355]
Buyitem.c(95): web_concurrent_end was successful, 2877 body bytes, 681 header bytes  	[MsgId: MMSG-26386]
Buyitem.c(97): Notify: Transaction "buyitem" ended with a "Pass" status (Duration: 41.1378 Think Time: 40.0073 Wasted Time: 0.0007).	[MsgId: MMSG-16870]
Buyitem.c(99): Error: Cannot start transaction "logout". This Vuser already started a transaction with the same name, and has not yet processed the corresponding lr_end_transaction statement.	[MsgId: MERR-16993]
End auto log messages stack.	[MsgId: MMSG-10544]


Start auto log messages stack - Iteration 2.	[MsgId: MMSG-10545]
Buyitem.c(71): Registering web_url("public.onepagecheckout.js") was successful  	[MsgId: MMSG-26390]
Buyitem.c(79): web_url("public.accordion.js") started  	[MsgId: MMSG-26355]
Buyitem.c(79): Registering web_url("public.accordion.js") was successful  	[MsgId: MMSG-26390]
Buyitem.c(87): web_url("favicon.ico_6") started  	[MsgId: MMSG-26355]
Buyitem.c(87): Resource "https://demowebshop.tricentis.com/favicon.ico" is in the cache already and will not be downloaded again  	[MsgId: MMSG-26655]
Buyitem.c(95): web_concurrent_end started  	[MsgId: MMSG-26355]
Buyitem.c(95): web_concurrent_end was successful, 2877 body bytes, 681 header bytes  	[MsgId: MMSG-26386]
Buyitem.c(97): Notify: Transaction "buyitem" ended with a "Pass" status (Duration: 41.7390 Think Time: 40.0058 Wasted Time: 0.0008).	[MsgId: MMSG-16870]
Buyitem.c(99): Error: Cannot start transaction "logout". This Vuser already started a transaction with the same name, and has not yet processed the corresponding lr_end_transaction statement.	[MsgId: MERR-16993]
End auto log messages stack.	[MsgId: MMSG-10544]


Start auto log messages stack - Iteration 2.	[MsgId: MMSG-10545]
Buyitem.c(71): Registering web_url("public.onepagecheckout.js") was successful  	[MsgId: MMSG-26390]
Buyitem.c(79): web_url("public.accordion.js") started  	[MsgId: MMSG-26355]
Buyitem.c(79): Registering web_url("public.accordion.js") was successful  	[MsgId: MMSG-26390]
Buyitem.c(87): web_url("favicon.ico_6") started  	[MsgId: MMSG-26355]
Buyitem.c(87): Resource "https://demowebshop.tricentis.com/favicon.ico" is in the cache already and will not be downloaded again  	[MsgId: MMSG-26655]
Buyitem.c(95): web_concurrent_end started  	[MsgId: MMSG-26355]
Buyitem.c(95): web_concurrent_end was successful, 2877 body bytes, 681 header bytes  	[MsgId: MMSG-26386]
Buyitem.c(97): Notify: Transaction "buyitem" ended with a "Pass" status (Duration: 41.0978 Think Time: 40.0147 Wasted Time: 0.0005).	[MsgId: MMSG-16870]
Buyitem.c(99): Error: Cannot start transaction "logout". This Vuser already started a transaction with the same name, and has not yet processed the corresponding lr_end_transaction statement.	[MsgId: MERR-16993]
End auto log messages stack.	[MsgId: MMSG-10544]


Start auto log messages stack - Iteration 2.	[MsgId: MMSG-10545]
Buyitem.c(71): Registering web_url("public.onepagecheckout.js") was successful  	[MsgId: MMSG-26390]
Buyitem.c(79): web_url("public.accordion.js") started  	[MsgId: MMSG-26355]
Buyitem.c(79): Registering web_url("public.accordion.js") was successful  	[MsgId: MMSG-26390]
Buyitem.c(87): web_url("favicon.ico_6") started  	[MsgId: MMSG-26355]
Buyitem.c(87): Resource "https://demowebshop.tricentis.com/favicon.ico" is in the cache already and will not be downloaded again  	[MsgId: MMSG-26655]
Buyitem.c(95): web_concurrent_end started  	[MsgId: MMSG-26355]
Buyitem.c(95): web_concurrent_end was successful, 2877 body bytes, 681 header bytes  	[MsgId: MMSG-26386]
Buyitem.c(97): Notify: Transaction "buyitem" ended with a "Pass" status (Duration: 41.0978 Think Time: 40.0132 Wasted Time: 0.0006).	[MsgId: MMSG-16870]
Buyitem.c(99): Error: Cannot start transaction "logout". This Vuser already started a transaction with the same name, and has not yet processed the corresponding lr_end_transaction statement.	[MsgId: MERR-16993]
End auto log messages stack.	[MsgId: MMSG-10544]


Start auto log messages stack - Iteration 2.	[MsgId: MMSG-10545]
Buyitem.c(71): Registering web_url("public.onepagecheckout.js") was successful  	[MsgId: MMSG-26390]
Buyitem.c(79): web_url("public.accordion.js") started  	[MsgId: MMSG-26355]
Buyitem.c(79): Registering web_url("public.accordion.js") was successful  	[MsgId: MMSG-26390]
Buyitem.c(87): web_url("favicon.ico_6") started  	[MsgId: MMSG-26355]
Buyitem.c(87): Resource "https://demowebshop.tricentis.com/favicon.ico" is in the cache already and will not be downloaded again  	[MsgId: MMSG-26655]
Buyitem.c(95): web_concurrent_end started  	[MsgId: MMSG-26355]
Buyitem.c(95): web_concurrent_end was successful, 2877 body bytes, 681 header bytes  	[MsgId: MMSG-26386]
Buyitem.c(97): Notify: Transaction "buyitem" ended with a "Pass" status (Duration: 41.0981 Think Time: 40.0161 Wasted Time: 0.0008).	[MsgId: MMSG-16870]
Buyitem.c(99): Error: Cannot start transaction "logout". This Vuser already started a transaction with the same name, and has not yet processed the corresponding lr_end_transaction statement.	[MsgId: MERR-16993]
End auto log messages stack.	[MsgId: MMSG-10544]


Start auto log messages stack - Iteration 2.	[MsgId: MMSG-10545]
Buyitem.c(71): Registering web_url("public.onepagecheckout.js") was successful  	[MsgId: MMSG-26390]
Buyitem.c(79): web_url("public.accordion.js") started  	[MsgId: MMSG-26355]
Buyitem.c(79): Registering web_url("public.accordion.js") was successful  	[MsgId: MMSG-26390]
Buyitem.c(87): web_url("favicon.ico_6") started  	[MsgId: MMSG-26355]
Buyitem.c(87): Resource "https://demowebshop.tricentis.com/favicon.ico" is in the cache already and will not be downloaded again  	[MsgId: MMSG-26655]
Buyitem.c(95): web_concurrent_end started  	[MsgId: MMSG-26355]
Buyitem.c(95): web_concurrent_end was successful, 2877 body bytes, 681 header bytes  	[MsgId: MMSG-26386]
Buyitem.c(97): Notify: Transaction "buyitem" ended with a "Pass" status (Duration: 41.1256 Think Time: 40.0158 Wasted Time: 0.0008).	[MsgId: MMSG-16870]
Buyitem.c(99): Error: Cannot start transaction "logout". This Vuser already started a transaction with the same name, and has not yet processed the corresponding lr_end_transaction statement.	[MsgId: MERR-16993]
End auto log messages stack.	[MsgId: MMSG-10544]


Start auto log messages stack - Iteration 2.	[MsgId: MMSG-10545]
Buyitem.c(71): Registering web_url("public.onepagecheckout.js") was successful  	[MsgId: MMSG-26390]
Buyitem.c(79): web_url("public.accordion.js") started  	[MsgId: MMSG-26355]
Buyitem.c(79): Registering web_url("public.accordion.js") was successful  	[MsgId: MMSG-26390]
Buyitem.c(87): web_url("favicon.ico_6") started  	[MsgId: MMSG-26355]
Buyitem.c(87): Resource "https://demowebshop.tricentis.com/favicon.ico" is in the cache already and will not be downloaded again  	[MsgId: MMSG-26655]
Buyitem.c(95): web_concurrent_end started  	[MsgId: MMSG-26355]
Buyitem.c(95): web_concurrent_end was successful, 2877 body bytes, 681 header bytes  	[MsgId: MMSG-26386]
Buyitem.c(97): Notify: Transaction "buyitem" ended with a "Pass" status (Duration: 41.0432 Think Time: 40.0049 Wasted Time: 0.0008).	[MsgId: MMSG-16870]
Buyitem.c(99): Error: Cannot start transaction "logout". This Vuser already started a transaction with the same name, and has not yet processed the corresponding lr_end_transaction statement.	[MsgId: MERR-16993]
End auto log messages stack.	[MsgId: MMSG-10544]


Start auto log messages stack - Iteration 2.	[MsgId: MMSG-10545]
Buyitem.c(71): Registering web_url("public.onepagecheckout.js") was successful  	[MsgId: MMSG-26390]
Buyitem.c(79): web_url("public.accordion.js") started  	[MsgId: MMSG-26355]
Buyitem.c(79): Registering web_url("public.accordion.js") was successful  	[MsgId: MMSG-26390]
Buyitem.c(87): web_url("favicon.ico_6") started  	[MsgId: MMSG-26355]
Buyitem.c(87): Resource "https://demowebshop.tricentis.com/favicon.ico" is in the cache already and will not be downloaded again  	[MsgId: MMSG-26655]
Buyitem.c(95): web_concurrent_end started  	[MsgId: MMSG-26355]
Buyitem.c(95): web_concurrent_end was successful, 2877 body bytes, 681 header bytes  	[MsgId: MMSG-26386]
Buyitem.c(97): Notify: Transaction "buyitem" ended with a "Pass" status (Duration: 41.0898 Think Time: 40.0048 Wasted Time: 0.0012).	[MsgId: MMSG-16870]
Buyitem.c(99): Error: Cannot start transaction "logout". This Vuser already started a transaction with the same name, and has not yet processed the corresponding lr_end_transaction statement.	[MsgId: MERR-16993]
End auto log messages stack.	[MsgId: MMSG-10544]


Start auto log messages stack - Iteration 2.	[MsgId: MMSG-10545]
Buyitem.c(71): Registering web_url("public.onepagecheckout.js") was successful  	[MsgId: MMSG-26390]
Buyitem.c(79): web_url("public.accordion.js") started  	[MsgId: MMSG-26355]
Buyitem.c(79): Registering web_url("public.accordion.js") was successful  	[MsgId: MMSG-26390]
Buyitem.c(87): web_url("favicon.ico_6") started  	[MsgId: MMSG-26355]
Buyitem.c(87): Resource "https://demowebshop.tricentis.com/favicon.ico" is in the cache already and will not be downloaded again  	[MsgId: MMSG-26655]
Buyitem.c(95): web_concurrent_end started  	[MsgId: MMSG-26355]
Buyitem.c(95): web_concurrent_end was successful, 2877 body bytes, 681 header bytes  	[MsgId: MMSG-26386]
Buyitem.c(97): Notify: Transaction "buyitem" ended with a "Pass" status (Duration: 41.0753 Think Time: 40.0101 Wasted Time: 0.0004).	[MsgId: MMSG-16870]
Buyitem.c(99): Error: Cannot start transaction "logout". This Vuser already started a transaction with the same name, and has not yet processed the corresponding lr_end_transaction statement.	[MsgId: MERR-16993]
End auto log messages stack.	[MsgId: MMSG-10544]


Start auto log messages stack - Iteration 2.	[MsgId: MMSG-10545]
Buyitem.c(71): Registering web_url("public.onepagecheckout.js") was successful  	[MsgId: MMSG-26390]
Buyitem.c(79): web_url("public.accordion.js") started  	[MsgId: MMSG-26355]
Buyitem.c(79): Registering web_url("public.accordion.js") was successful  	[MsgId: MMSG-26390]
Buyitem.c(87): web_url("favicon.ico_6") started  	[MsgId: MMSG-26355]
Buyitem.c(87): Resource "https://demowebshop.tricentis.com/favicon.ico" is in the cache already and will not be downloaded again  	[MsgId: MMSG-26655]
Buyitem.c(95): web_concurrent_end started  	[MsgId: MMSG-26355]
Buyitem.c(95): web_concurrent_end was successful, 2877 body bytes, 681 header bytes  	[MsgId: MMSG-26386]
Buyitem.c(97): Notify: Transaction "buyitem" ended with a "Pass" status (Duration: 41.0228 Think Time: 40.0088 Wasted Time: 0.0008).	[MsgId: MMSG-16870]
Buyitem.c(99): Error: Cannot start transaction "logout". This Vuser already started a transaction with the same name, and has not yet processed the corresponding lr_end_transaction statement.	[MsgId: MERR-16993]
End auto log messages stack.	[MsgId: MMSG-10544]


Start auto log messages stack - Iteration 2.	[MsgId: MMSG-10545]
Buyitem.c(71): Registering web_url("public.onepagecheckout.js") was successful  	[MsgId: MMSG-26390]
Buyitem.c(79): web_url("public.accordion.js") started  	[MsgId: MMSG-26355]
Buyitem.c(79): Registering web_url("public.accordion.js") was successful  	[MsgId: MMSG-26390]
Buyitem.c(87): web_url("favicon.ico_6") started  	[MsgId: MMSG-26355]
Buyitem.c(87): Resource "https://demowebshop.tricentis.com/favicon.ico" is in the cache already and will not be downloaded again  	[MsgId: MMSG-26655]
Buyitem.c(95): web_concurrent_end started  	[MsgId: MMSG-26355]
Buyitem.c(95): web_concurrent_end was successful, 2877 body bytes, 681 header bytes  	[MsgId: MMSG-26386]
Buyitem.c(97): Notify: Transaction "buyitem" ended with a "Pass" status (Duration: 41.0672 Think Time: 40.0198 Wasted Time: 0.0004).	[MsgId: MMSG-16870]
Buyitem.c(99): Error: Cannot start transaction "logout". This Vuser already started a transaction with the same name, and has not yet processed the corresponding lr_end_transaction statement.	[MsgId: MERR-16993]
End auto log messages stack.	[MsgId: MMSG-10544]


Start auto log messages stack - Iteration 2.	[MsgId: MMSG-10545]
Buyitem.c(71): Registering web_url("public.onepagecheckout.js") was successful  	[MsgId: MMSG-26390]
Buyitem.c(79): web_url("public.accordion.js") started  	[MsgId: MMSG-26355]
Buyitem.c(79): Registering web_url("public.accordion.js") was successful  	[MsgId: MMSG-26390]
Buyitem.c(87): web_url("favicon.ico_6") started  	[MsgId: MMSG-26355]
Buyitem.c(87): Resource "https://demowebshop.tricentis.com/favicon.ico" is in the cache already and will not be downloaded again  	[MsgId: MMSG-26655]
Buyitem.c(95): web_concurrent_end started  	[MsgId: MMSG-26355]
Buyitem.c(95): web_concurrent_end was successful, 2877 body bytes, 681 header bytes  	[MsgId: MMSG-26386]
Buyitem.c(97): Notify: Transaction "buyitem" ended with a "Pass" status (Duration: 41.1077 Think Time: 40.0149 Wasted Time: 0.0006).	[MsgId: MMSG-16870]
Buyitem.c(99): Error: Cannot start transaction "logout". This Vuser already started a transaction with the same name, and has not yet processed the corresponding lr_end_transaction statement.	[MsgId: MERR-16993]
End auto log messages stack.	[MsgId: MMSG-10544]


Start auto log messages stack - Iteration 2.	[MsgId: MMSG-10545]
Buyitem.c(71): Registering web_url("public.onepagecheckout.js") was successful  	[MsgId: MMSG-26390]
Buyitem.c(79): web_url("public.accordion.js") started  	[MsgId: MMSG-26355]
Buyitem.c(79): Registering web_url("public.accordion.js") was successful  	[MsgId: MMSG-26390]
Buyitem.c(87): web_url("favicon.ico_6") started  	[MsgId: MMSG-26355]
Buyitem.c(87): Resource "https://demowebshop.tricentis.com/favicon.ico" is in the cache already and will not be downloaded again  	[MsgId: MMSG-26655]
Buyitem.c(95): web_concurrent_end started  	[MsgId: MMSG-26355]
Buyitem.c(95): web_concurrent_end was successful, 2877 body bytes, 681 header bytes  	[MsgId: MMSG-26386]
Buyitem.c(97): Notify: Transaction "buyitem" ended with a "Pass" status (Duration: 41.0689 Think Time: 40.0183 Wasted Time: 0.0005).	[MsgId: MMSG-16870]
Buyitem.c(99): Error: Cannot start transaction "logout". This Vuser already started a transaction with the same name, and has not yet processed the corresponding lr_end_transaction statement.	[MsgId: MERR-16993]
End auto log messages stack.	[MsgId: MMSG-10544]


Start auto log messages stack - Iteration 2.	[MsgId: MMSG-10545]
Buyitem.c(71): Registering web_url("public.onepagecheckout.js") was successful  	[MsgId: MMSG-26390]
Buyitem.c(79): web_url("public.accordion.js") started  	[MsgId: MMSG-26355]
Buyitem.c(79): Registering web_url("public.accordion.js") was successful  	[MsgId: MMSG-26390]
Buyitem.c(87): web_url("favicon.ico_6") started  	[MsgId: MMSG-26355]
Buyitem.c(87): Resource "https://demowebshop.tricentis.com/favicon.ico" is in the cache already and will not be downloaded again  	[MsgId: MMSG-26655]
Buyitem.c(95): web_concurrent_end started  	[MsgId: MMSG-26355]
Buyitem.c(95): web_concurrent_end was successful, 2877 body bytes, 681 header bytes  	[MsgId: MMSG-26386]
Buyitem.c(97): Notify: Transaction "buyitem" ended with a "Pass" status (Duration: 41.0587 Think Time: 40.0197 Wasted Time: 0.0004).	[MsgId: MMSG-16870]
Buyitem.c(99): Error: Cannot start transaction "logout". This Vuser already started a transaction with the same name, and has not yet processed the corresponding lr_end_transaction statement.	[MsgId: MERR-16993]
End auto log messages stack.	[MsgId: MMSG-10544]


Start auto log messages stack - Iteration 2.	[MsgId: MMSG-10545]
Buyitem.c(71): Registering web_url("public.onepagecheckout.js") was successful  	[MsgId: MMSG-26390]
Buyitem.c(79): web_url("public.accordion.js") started  	[MsgId: MMSG-26355]
Buyitem.c(79): Registering web_url("public.accordion.js") was successful  	[MsgId: MMSG-26390]
Buyitem.c(87): web_url("favicon.ico_6") started  	[MsgId: MMSG-26355]
Buyitem.c(87): Resource "https://demowebshop.tricentis.com/favicon.ico" is in the cache already and will not be downloaded again  	[MsgId: MMSG-26655]
Buyitem.c(95): web_concurrent_end started  	[MsgId: MMSG-26355]
Buyitem.c(95): web_concurrent_end was successful, 2877 body bytes, 681 header bytes  	[MsgId: MMSG-26386]
Buyitem.c(97): Notify: Transaction "buyitem" ended with a "Pass" status (Duration: 41.0477 Think Time: 40.0079 Wasted Time: 0.0006).	[MsgId: MMSG-16870]
Buyitem.c(99): Error: Cannot start transaction "logout". This Vuser already started a transaction with the same name, and has not yet processed the corresponding lr_end_transaction statement.	[MsgId: MERR-16993]
End auto log messages stack.	[MsgId: MMSG-10544]


