Start auto log messages stack - Iteration 2.	[MsgId: MMSG-10545]
Buyitem.c(71): Registering web_url("public.onepagecheckout.js") was successful  	[MsgId: MMSG-26390]
Buyitem.c(79): web_url("public.accordion.js") started  	[MsgId: MMSG-26355]
Buyitem.c(79): Registering web_url("public.accordion.js") was successful  	[MsgId: MMSG-26390]
Buyitem.c(87): web_url("favicon.ico_6") started  	[MsgId: MMSG-26355]
Buyitem.c(87): Resource "https://demowebshop.tricentis.com/favicon.ico" is in the cache already and will not be downloaded again  	[MsgId: MMSG-26655]
Buyitem.c(95): web_concurrent_end started  	[MsgId: MMSG-26355]
Buyitem.c(95): web_concurrent_end was successful, 3886 body bytes, 683 header bytes  	[MsgId: MMSG-26386]
Buyitem.c(97): Notify: Transaction "buyitem" ended with a "Pass" status (Duration: 41.1171 Think Time: 40.0181 Wasted Time: 0.0003).	[MsgId: MMSG-16870]
Buyitem.c(99): Error: Cannot start transaction "logout". This Vuser already started a transaction with the same name, and has not yet processed the corresponding lr_end_transaction statement.	[MsgId: MERR-16993]
End auto log messages stack.	[MsgId: MMSG-10544]


Start auto log messages stack - Iteration 3.	[MsgId: MMSG-10545]
Buyitem.c(71): Registering web_url("public.onepagecheckout.js") was successful  	[MsgId: MMSG-26390]
Buyitem.c(79): web_url("public.accordion.js") started  	[MsgId: MMSG-26355]
Buyitem.c(79): Registering web_url("public.accordion.js") was successful  	[MsgId: MMSG-26390]
Buyitem.c(87): web_url("favicon.ico_6") started  	[MsgId: MMSG-26355]
Buyitem.c(87): Resource "https://demowebshop.tricentis.com/favicon.ico" is in the cache already and will not be downloaded again  	[MsgId: MMSG-26655]
Buyitem.c(95): web_concurrent_end started  	[MsgId: MMSG-26355]
Buyitem.c(95): web_concurrent_end was successful, 3886 body bytes, 683 header bytes  	[MsgId: MMSG-26386]
Buyitem.c(97): Notify: Transaction "buyitem" ended with a "Pass" status (Duration: 50.0193 Think Time: 40.0095 Wasted Time: 0.0004).	[MsgId: MMSG-16870]
Buyitem.c(99): Error: Cannot start transaction "logout". This Vuser already started a transaction with the same name, and has not yet processed the corresponding lr_end_transaction statement.	[MsgId: MERR-16993]
End auto log messages stack.	[MsgId: MMSG-10544]


Start auto log messages stack - Iteration 2.	[MsgId: MMSG-10545]
Buyitem.c(71): Registering web_url("public.onepagecheckout.js") was successful  	[MsgId: MMSG-26390]
Buyitem.c(79): web_url("public.accordion.js") started  	[MsgId: MMSG-26355]
Buyitem.c(79): Registering web_url("public.accordion.js") was successful  	[MsgId: MMSG-26390]
Buyitem.c(87): web_url("favicon.ico_6") started  	[MsgId: MMSG-26355]
Buyitem.c(87): Resource "https://demowebshop.tricentis.com/favicon.ico" is in the cache already and will not be downloaded again  	[MsgId: MMSG-26655]
Buyitem.c(95): web_concurrent_end started  	[MsgId: MMSG-26355]
Buyitem.c(95): web_concurrent_end was successful, 2877 body bytes, 681 header bytes  	[MsgId: MMSG-26386]
Buyitem.c(97): Notify: Transaction "buyitem" ended with a "Pass" status (Duration: 46.2532 Think Time: 40.0248 Wasted Time: 0.0007).	[MsgId: MMSG-16870]
Buyitem.c(99): Error: Cannot start transaction "logout". This Vuser already started a transaction with the same name, and has not yet processed the corresponding lr_end_transaction statement.	[MsgId: MERR-16993]
End auto log messages stack.	[MsgId: MMSG-10544]


Start auto log messages stack - Iteration 4.	[MsgId: MMSG-10545]
Buyitem.c(71): Registering web_url("public.onepagecheckout.js") was successful  	[MsgId: MMSG-26390]
Buyitem.c(79): web_url("public.accordion.js") started  	[MsgId: MMSG-26355]
Buyitem.c(79): Registering web_url("public.accordion.js") was successful  	[MsgId: MMSG-26390]
Buyitem.c(87): web_url("favicon.ico_6") started  	[MsgId: MMSG-26355]
Buyitem.c(87): Resource "https://demowebshop.tricentis.com/favicon.ico" is in the cache already and will not be downloaded again  	[MsgId: MMSG-26655]
Buyitem.c(95): web_concurrent_end started  	[MsgId: MMSG-26355]
Buyitem.c(95): web_concurrent_end was successful, 2877 body bytes, 681 header bytes  	[MsgId: MMSG-26386]
Buyitem.c(97): Notify: Transaction "buyitem" ended with a "Pass" status (Duration: 50.0603 Think Time: 40.0157 Wasted Time: 0.0006).	[MsgId: MMSG-16870]
Buyitem.c(99): Error: Cannot start transaction "logout". This Vuser already started a transaction with the same name, and has not yet processed the corresponding lr_end_transaction statement.	[MsgId: MERR-16993]
End auto log messages stack.	[MsgId: MMSG-10544]


Start auto log messages stack - Iteration 3.	[MsgId: MMSG-10545]
Buyitem.c(71): Registering web_url("public.onepagecheckout.js") was successful  	[MsgId: MMSG-26390]
Buyitem.c(79): web_url("public.accordion.js") started  	[MsgId: MMSG-26355]
Buyitem.c(79): Registering web_url("public.accordion.js") was successful  	[MsgId: MMSG-26390]
Buyitem.c(87): web_url("favicon.ico_6") started  	[MsgId: MMSG-26355]
Buyitem.c(87): Resource "https://demowebshop.tricentis.com/favicon.ico" is in the cache already and will not be downloaded again  	[MsgId: MMSG-26655]
Buyitem.c(95): web_concurrent_end started  	[MsgId: MMSG-26355]
Buyitem.c(95): web_concurrent_end was successful, 2877 body bytes, 681 header bytes  	[MsgId: MMSG-26386]
Buyitem.c(97): Notify: Transaction "buyitem" ended with a "Pass" status (Duration: 49.3822 Think Time: 40.0157 Wasted Time: 0.0007).	[MsgId: MMSG-16870]
Buyitem.c(99): Error: Cannot start transaction "logout". This Vuser already started a transaction with the same name, and has not yet processed the corresponding lr_end_transaction statement.	[MsgId: MERR-16993]
End auto log messages stack.	[MsgId: MMSG-10544]


Start auto log messages stack - Iteration 2.	[MsgId: MMSG-10545]
Buyitem.c(71): Registering web_url("public.onepagecheckout.js") was successful  	[MsgId: MMSG-26390]
Buyitem.c(79): web_url("public.accordion.js") started  	[MsgId: MMSG-26355]
Buyitem.c(79): Registering web_url("public.accordion.js") was successful  	[MsgId: MMSG-26390]
Buyitem.c(87): web_url("favicon.ico_6") started  	[MsgId: MMSG-26355]
Buyitem.c(87): Resource "https://demowebshop.tricentis.com/favicon.ico" is in the cache already and will not be downloaded again  	[MsgId: MMSG-26655]
Buyitem.c(95): web_concurrent_end started  	[MsgId: MMSG-26355]
Buyitem.c(95): web_concurrent_end was successful, 2877 body bytes, 681 header bytes  	[MsgId: MMSG-26386]
Buyitem.c(97): Notify: Transaction "buyitem" ended with a "Pass" status (Duration: 49.1485 Think Time: 40.0132 Wasted Time: 0.0004).	[MsgId: MMSG-16870]
Buyitem.c(99): Error: Cannot start transaction "logout". This Vuser already started a transaction with the same name, and has not yet processed the corresponding lr_end_transaction statement.	[MsgId: MERR-16993]
End auto log messages stack.	[MsgId: MMSG-10544]


Start auto log messages stack - Iteration 2.	[MsgId: MMSG-10545]
Buyitem.c(71): Registering web_url("public.onepagecheckout.js") was successful  	[MsgId: MMSG-26390]
Buyitem.c(79): web_url("public.accordion.js") started  	[MsgId: MMSG-26355]
Buyitem.c(79): Registering web_url("public.accordion.js") was successful  	[MsgId: MMSG-26390]
Buyitem.c(87): web_url("favicon.ico_6") started  	[MsgId: MMSG-26355]
Buyitem.c(87): Resource "https://demowebshop.tricentis.com/favicon.ico" is in the cache already and will not be downloaded again  	[MsgId: MMSG-26655]
Buyitem.c(95): web_concurrent_end started  	[MsgId: MMSG-26355]
Buyitem.c(95): web_concurrent_end was successful, 2877 body bytes, 681 header bytes  	[MsgId: MMSG-26386]
Buyitem.c(97): Notify: Transaction "buyitem" ended with a "Pass" status (Duration: 41.0582 Think Time: 40.0142 Wasted Time: 0.0007).	[MsgId: MMSG-16870]
Buyitem.c(99): Error: Cannot start transaction "logout". This Vuser already started a transaction with the same name, and has not yet processed the corresponding lr_end_transaction statement.	[MsgId: MERR-16993]
End auto log messages stack.	[MsgId: MMSG-10544]


Start auto log messages stack - Iteration 5.	[MsgId: MMSG-10545]
Buyitem.c(71): Registering web_url("public.onepagecheckout.js") was successful  	[MsgId: MMSG-26390]
Buyitem.c(79): web_url("public.accordion.js") started  	[MsgId: MMSG-26355]
Buyitem.c(79): Registering web_url("public.accordion.js") was successful  	[MsgId: MMSG-26390]
Buyitem.c(87): web_url("favicon.ico_6") started  	[MsgId: MMSG-26355]
Buyitem.c(87): Resource "https://demowebshop.tricentis.com/favicon.ico" is in the cache already and will not be downloaded again  	[MsgId: MMSG-26655]
Buyitem.c(95): web_concurrent_end started  	[MsgId: MMSG-26355]
Buyitem.c(95): web_concurrent_end was successful, 2877 body bytes, 681 header bytes  	[MsgId: MMSG-26386]
Buyitem.c(97): Notify: Transaction "buyitem" ended with a "Pass" status (Duration: 41.1821 Think Time: 40.0185 Wasted Time: 0.0007).	[MsgId: MMSG-16870]
Buyitem.c(99): Error: Cannot start transaction "logout". This Vuser already started a transaction with the same name, and has not yet processed the corresponding lr_end_transaction statement.	[MsgId: MERR-16993]
End auto log messages stack.	[MsgId: MMSG-10544]


Start auto log messages stack - Iteration 4.	[MsgId: MMSG-10545]
Buyitem.c(71): Registering web_url("public.onepagecheckout.js") was successful  	[MsgId: MMSG-26390]
Buyitem.c(79): web_url("public.accordion.js") started  	[MsgId: MMSG-26355]
Buyitem.c(79): Registering web_url("public.accordion.js") was successful  	[MsgId: MMSG-26390]
Buyitem.c(87): web_url("favicon.ico_6") started  	[MsgId: MMSG-26355]
Buyitem.c(87): Resource "https://demowebshop.tricentis.com/favicon.ico" is in the cache already and will not be downloaded again  	[MsgId: MMSG-26655]
Buyitem.c(95): web_concurrent_end started  	[MsgId: MMSG-26355]
Buyitem.c(95): web_concurrent_end was successful, 2877 body bytes, 681 header bytes  	[MsgId: MMSG-26386]
Buyitem.c(97): Notify: Transaction "buyitem" ended with a "Pass" status (Duration: 41.0905 Think Time: 40.0264 Wasted Time: 0.0007).	[MsgId: MMSG-16870]
Buyitem.c(99): Error: Cannot start transaction "logout". This Vuser already started a transaction with the same name, and has not yet processed the corresponding lr_end_transaction statement.	[MsgId: MERR-16993]
End auto log messages stack.	[MsgId: MMSG-10544]


Start auto log messages stack - Iteration 2.	[MsgId: MMSG-10545]
Addtocart.c(104): Connection to demowebshop.tricentis.com:443 closed after being inactive for 75 seconds, exceeding the "HTTP Keep-Alive timeout" Runtime Setting (60 seconds). URL="https://demowebshop.tricentis.com/content/images/thumbs/0000209_copy-of-computing-and-internet-ex_125.jpeg"  	[MsgId: MMSG-27647]
Addtocart.c(104): web_concurrent_end was successful, 19535 body bytes, 1687 header bytes  	[MsgId: MMSG-26386]
Addtocart.c(106): web_url("ico-arrow-r.gif") started  	[MsgId: MMSG-26355]
Addtocart.c(106): web_url("ico-arrow-r.gif") was successful, 666 body bytes, 279 header bytes  	[MsgId: MMSG-26386]
Addtocart.c(114): lr_think_time: 4.00 seconds.	[MsgId: MMSG-15948]
Addtocart.c(116): web_url("ajax_loader_large.gif") started  	[MsgId: MMSG-26355]
Addtocart.c(116): Error -27720: Step download timeout (120 seconds) has expired when downloading resource "https://demowebshop.tricentis.com/Themes/DefaultClean/Content/images/ajax_loader_large.gif". Set the "Step Timeout caused by resources is a warning" Runtime Setting to Yes/No to have this message as a warning/error, respectively  	[MsgId: MERR-27720]
End auto log messages stack.	[MsgId: MMSG-10544]


Start auto log messages stack - Iteration 2.	[MsgId: MMSG-10545]
Buyitem.c(71): Registering web_url("public.onepagecheckout.js") was successful  	[MsgId: MMSG-26390]
Buyitem.c(79): web_url("public.accordion.js") started  	[MsgId: MMSG-26355]
Buyitem.c(79): Registering web_url("public.accordion.js") was successful  	[MsgId: MMSG-26390]
Buyitem.c(87): web_url("favicon.ico_6") started  	[MsgId: MMSG-26355]
Buyitem.c(87): Resource "https://demowebshop.tricentis.com/favicon.ico" is in the cache already and will not be downloaded again  	[MsgId: MMSG-26655]
Buyitem.c(95): web_concurrent_end started  	[MsgId: MMSG-26355]
Buyitem.c(95): web_concurrent_end was successful, 2877 body bytes, 681 header bytes  	[MsgId: MMSG-26386]
Buyitem.c(97): Notify: Transaction "buyitem" ended with a "Pass" status (Duration: 41.0738 Think Time: 40.0089 Wasted Time: 0.0008).	[MsgId: MMSG-16870]
Buyitem.c(99): Error: Cannot start transaction "logout". This Vuser already started a transaction with the same name, and has not yet processed the corresponding lr_end_transaction statement.	[MsgId: MERR-16993]
End auto log messages stack.	[MsgId: MMSG-10544]


Start auto log messages stack - Iteration 3.	[MsgId: MMSG-10545]
Buyitem.c(71): Registering web_url("public.onepagecheckout.js") was successful  	[MsgId: MMSG-26390]
Buyitem.c(79): web_url("public.accordion.js") started  	[MsgId: MMSG-26355]
Buyitem.c(79): Registering web_url("public.accordion.js") was successful  	[MsgId: MMSG-26390]
Buyitem.c(87): web_url("favicon.ico_6") started  	[MsgId: MMSG-26355]
Buyitem.c(87): Resource "https://demowebshop.tricentis.com/favicon.ico" is in the cache already and will not be downloaded again  	[MsgId: MMSG-26655]
Buyitem.c(95): web_concurrent_end started  	[MsgId: MMSG-26355]
Buyitem.c(95): web_concurrent_end was successful, 2877 body bytes, 681 header bytes  	[MsgId: MMSG-26386]
Buyitem.c(97): Notify: Transaction "buyitem" ended with a "Pass" status (Duration: 41.0876 Think Time: 40.0141 Wasted Time: 0.0007).	[MsgId: MMSG-16870]
Buyitem.c(99): Error: Cannot start transaction "logout". This Vuser already started a transaction with the same name, and has not yet processed the corresponding lr_end_transaction statement.	[MsgId: MERR-16993]
End auto log messages stack.	[MsgId: MMSG-10544]


Start auto log messages stack - Iteration 6.	[MsgId: MMSG-10545]
Buyitem.c(71): Registering web_url("public.onepagecheckout.js") was successful  	[MsgId: MMSG-26390]
Buyitem.c(79): web_url("public.accordion.js") started  	[MsgId: MMSG-26355]
Buyitem.c(79): Registering web_url("public.accordion.js") was successful  	[MsgId: MMSG-26390]
Buyitem.c(87): web_url("favicon.ico_6") started  	[MsgId: MMSG-26355]
Buyitem.c(87): Resource "https://demowebshop.tricentis.com/favicon.ico" is in the cache already and will not be downloaded again  	[MsgId: MMSG-26655]
Buyitem.c(95): web_concurrent_end started  	[MsgId: MMSG-26355]
Buyitem.c(95): web_concurrent_end was successful, 2877 body bytes, 681 header bytes  	[MsgId: MMSG-26386]
Buyitem.c(97): Notify: Transaction "buyitem" ended with a "Pass" status (Duration: 41.6790 Think Time: 40.0163 Wasted Time: 0.0006).	[MsgId: MMSG-16870]
Buyitem.c(99): Error: Cannot start transaction "logout". This Vuser already started a transaction with the same name, and has not yet processed the corresponding lr_end_transaction statement.	[MsgId: MERR-16993]
End auto log messages stack.	[MsgId: MMSG-10544]


Start auto log messages stack - Iteration 5.	[MsgId: MMSG-10545]
Buyitem.c(71): Registering web_url("public.onepagecheckout.js") was successful  	[MsgId: MMSG-26390]
Buyitem.c(79): web_url("public.accordion.js") started  	[MsgId: MMSG-26355]
Buyitem.c(79): Registering web_url("public.accordion.js") was successful  	[MsgId: MMSG-26390]
Buyitem.c(87): web_url("favicon.ico_6") started  	[MsgId: MMSG-26355]
Buyitem.c(87): Resource "https://demowebshop.tricentis.com/favicon.ico" is in the cache already and will not be downloaded again  	[MsgId: MMSG-26655]
Buyitem.c(95): web_concurrent_end started  	[MsgId: MMSG-26355]
Buyitem.c(95): web_concurrent_end was successful, 2877 body bytes, 681 header bytes  	[MsgId: MMSG-26386]
Buyitem.c(97): Notify: Transaction "buyitem" ended with a "Pass" status (Duration: 41.0537 Think Time: 40.0045 Wasted Time: 0.0006).	[MsgId: MMSG-16870]
Buyitem.c(99): Error: Cannot start transaction "logout". This Vuser already started a transaction with the same name, and has not yet processed the corresponding lr_end_transaction statement.	[MsgId: MERR-16993]
End auto log messages stack.	[MsgId: MMSG-10544]


Start auto log messages stack - Iteration 4.	[MsgId: MMSG-10545]
Buyitem.c(71): Registering web_url("public.onepagecheckout.js") was successful  	[MsgId: MMSG-26390]
Buyitem.c(79): web_url("public.accordion.js") started  	[MsgId: MMSG-26355]
Buyitem.c(79): Registering web_url("public.accordion.js") was successful  	[MsgId: MMSG-26390]
Buyitem.c(87): web_url("favicon.ico_6") started  	[MsgId: MMSG-26355]
Buyitem.c(87): Resource "https://demowebshop.tricentis.com/favicon.ico" is in the cache already and will not be downloaded again  	[MsgId: MMSG-26655]
Buyitem.c(95): web_concurrent_end started  	[MsgId: MMSG-26355]
Buyitem.c(95): web_concurrent_end was successful, 2877 body bytes, 681 header bytes  	[MsgId: MMSG-26386]
Buyitem.c(97): Notify: Transaction "buyitem" ended with a "Pass" status (Duration: 41.7558 Think Time: 40.0219 Wasted Time: 0.0006).	[MsgId: MMSG-16870]
Buyitem.c(99): Error: Cannot start transaction "logout". This Vuser already started a transaction with the same name, and has not yet processed the corresponding lr_end_transaction statement.	[MsgId: MERR-16993]
End auto log messages stack.	[MsgId: MMSG-10544]


Start auto log messages stack - Iteration 2.	[MsgId: MMSG-10545]
Buyitem.c(71): Registering web_url("public.onepagecheckout.js") was successful  	[MsgId: MMSG-26390]
Buyitem.c(79): web_url("public.accordion.js") started  	[MsgId: MMSG-26355]
Buyitem.c(79): Registering web_url("public.accordion.js") was successful  	[MsgId: MMSG-26390]
Buyitem.c(87): web_url("favicon.ico_6") started  	[MsgId: MMSG-26355]
Buyitem.c(87): Resource "https://demowebshop.tricentis.com/favicon.ico" is in the cache already and will not be downloaded again  	[MsgId: MMSG-26655]
Buyitem.c(95): web_concurrent_end started  	[MsgId: MMSG-26355]
Buyitem.c(95): web_concurrent_end was successful, 2877 body bytes, 681 header bytes  	[MsgId: MMSG-26386]
Buyitem.c(97): Notify: Transaction "buyitem" ended with a "Pass" status (Duration: 41.9894 Think Time: 40.0224 Wasted Time: 0.0006).	[MsgId: MMSG-16870]
Buyitem.c(99): Error: Cannot start transaction "logout". This Vuser already started a transaction with the same name, and has not yet processed the corresponding lr_end_transaction statement.	[MsgId: MERR-16993]
End auto log messages stack.	[MsgId: MMSG-10544]


Start auto log messages stack - Iteration 3.	[MsgId: MMSG-10545]
Buyitem.c(71): Registering web_url("public.onepagecheckout.js") was successful  	[MsgId: MMSG-26390]
Buyitem.c(79): web_url("public.accordion.js") started  	[MsgId: MMSG-26355]
Buyitem.c(79): Registering web_url("public.accordion.js") was successful  	[MsgId: MMSG-26390]
Buyitem.c(87): web_url("favicon.ico_6") started  	[MsgId: MMSG-26355]
Buyitem.c(87): Resource "https://demowebshop.tricentis.com/favicon.ico" is in the cache already and will not be downloaded again  	[MsgId: MMSG-26655]
Buyitem.c(95): web_concurrent_end started  	[MsgId: MMSG-26355]
Buyitem.c(95): web_concurrent_end was successful, 2877 body bytes, 681 header bytes  	[MsgId: MMSG-26386]
Buyitem.c(97): Notify: Transaction "buyitem" ended with a "Pass" status (Duration: 41.0888 Think Time: 40.0144 Wasted Time: 0.0007).	[MsgId: MMSG-16870]
Buyitem.c(99): Error: Cannot start transaction "logout". This Vuser already started a transaction with the same name, and has not yet processed the corresponding lr_end_transaction statement.	[MsgId: MERR-16993]
End auto log messages stack.	[MsgId: MMSG-10544]


Start auto log messages stack - Iteration 4.	[MsgId: MMSG-10545]
Buyitem.c(71): Registering web_url("public.onepagecheckout.js") was successful  	[MsgId: MMSG-26390]
Buyitem.c(79): web_url("public.accordion.js") started  	[MsgId: MMSG-26355]
Buyitem.c(79): Registering web_url("public.accordion.js") was successful  	[MsgId: MMSG-26390]
Buyitem.c(87): web_url("favicon.ico_6") started  	[MsgId: MMSG-26355]
Buyitem.c(87): Resource "https://demowebshop.tricentis.com/favicon.ico" is in the cache already and will not be downloaded again  	[MsgId: MMSG-26655]
Buyitem.c(95): web_concurrent_end started  	[MsgId: MMSG-26355]
Buyitem.c(95): web_concurrent_end was successful, 2877 body bytes, 681 header bytes  	[MsgId: MMSG-26386]
Buyitem.c(97): Notify: Transaction "buyitem" ended with a "Pass" status (Duration: 41.3414 Think Time: 40.0184 Wasted Time: 0.0006).	[MsgId: MMSG-16870]
Buyitem.c(99): Error: Cannot start transaction "logout". This Vuser already started a transaction with the same name, and has not yet processed the corresponding lr_end_transaction statement.	[MsgId: MERR-16993]
End auto log messages stack.	[MsgId: MMSG-10544]


Start auto log messages stack - Iteration 7.	[MsgId: MMSG-10545]
Buyitem.c(71): Registering web_url("public.onepagecheckout.js") was successful  	[MsgId: MMSG-26390]
Buyitem.c(79): web_url("public.accordion.js") started  	[MsgId: MMSG-26355]
Buyitem.c(79): Registering web_url("public.accordion.js") was successful  	[MsgId: MMSG-26390]
Buyitem.c(87): web_url("favicon.ico_6") started  	[MsgId: MMSG-26355]
Buyitem.c(87): Resource "https://demowebshop.tricentis.com/favicon.ico" is in the cache already and will not be downloaded again  	[MsgId: MMSG-26655]
Buyitem.c(95): web_concurrent_end started  	[MsgId: MMSG-26355]
Buyitem.c(95): web_concurrent_end was successful, 2877 body bytes, 681 header bytes  	[MsgId: MMSG-26386]
Buyitem.c(97): Notify: Transaction "buyitem" ended with a "Pass" status (Duration: 41.1431 Think Time: 40.0179 Wasted Time: 0.0004).	[MsgId: MMSG-16870]
Buyitem.c(99): Error: Cannot start transaction "logout". This Vuser already started a transaction with the same name, and has not yet processed the corresponding lr_end_transaction statement.	[MsgId: MERR-16993]
End auto log messages stack.	[MsgId: MMSG-10544]


Start auto log messages stack - Iteration 6.	[MsgId: MMSG-10545]
Buyitem.c(71): Registering web_url("public.onepagecheckout.js") was successful  	[MsgId: MMSG-26390]
Buyitem.c(79): web_url("public.accordion.js") started  	[MsgId: MMSG-26355]
Buyitem.c(79): Registering web_url("public.accordion.js") was successful  	[MsgId: MMSG-26390]
Buyitem.c(87): web_url("favicon.ico_6") started  	[MsgId: MMSG-26355]
Buyitem.c(87): Resource "https://demowebshop.tricentis.com/favicon.ico" is in the cache already and will not be downloaded again  	[MsgId: MMSG-26655]
Buyitem.c(95): web_concurrent_end started  	[MsgId: MMSG-26355]
Buyitem.c(95): web_concurrent_end was successful, 2877 body bytes, 681 header bytes  	[MsgId: MMSG-26386]
Buyitem.c(97): Notify: Transaction "buyitem" ended with a "Pass" status (Duration: 41.3733 Think Time: 40.0105 Wasted Time: 0.0006).	[MsgId: MMSG-16870]
Buyitem.c(99): Error: Cannot start transaction "logout". This Vuser already started a transaction with the same name, and has not yet processed the corresponding lr_end_transaction statement.	[MsgId: MERR-16993]
End auto log messages stack.	[MsgId: MMSG-10544]


Start auto log messages stack - Iteration 5.	[MsgId: MMSG-10545]
Buyitem.c(71): Registering web_url("public.onepagecheckout.js") was successful  	[MsgId: MMSG-26390]
Buyitem.c(79): web_url("public.accordion.js") started  	[MsgId: MMSG-26355]
Buyitem.c(79): Registering web_url("public.accordion.js") was successful  	[MsgId: MMSG-26390]
Buyitem.c(87): web_url("favicon.ico_6") started  	[MsgId: MMSG-26355]
Buyitem.c(87): Resource "https://demowebshop.tricentis.com/favicon.ico" is in the cache already and will not be downloaded again  	[MsgId: MMSG-26655]
Buyitem.c(95): web_concurrent_end started  	[MsgId: MMSG-26355]
Buyitem.c(95): web_concurrent_end was successful, 2877 body bytes, 681 header bytes  	[MsgId: MMSG-26386]
Buyitem.c(97): Notify: Transaction "buyitem" ended with a "Pass" status (Duration: 41.0806 Think Time: 40.0178 Wasted Time: 0.0007).	[MsgId: MMSG-16870]
Buyitem.c(99): Error: Cannot start transaction "logout". This Vuser already started a transaction with the same name, and has not yet processed the corresponding lr_end_transaction statement.	[MsgId: MERR-16993]
End auto log messages stack.	[MsgId: MMSG-10544]


Start auto log messages stack - Iteration 3.	[MsgId: MMSG-10545]
Buyitem.c(71): Registering web_url("public.onepagecheckout.js") was successful  	[MsgId: MMSG-26390]
Buyitem.c(79): web_url("public.accordion.js") started  	[MsgId: MMSG-26355]
Buyitem.c(79): Registering web_url("public.accordion.js") was successful  	[MsgId: MMSG-26390]
Buyitem.c(87): web_url("favicon.ico_6") started  	[MsgId: MMSG-26355]
Buyitem.c(87): Resource "https://demowebshop.tricentis.com/favicon.ico" is in the cache already and will not be downloaded again  	[MsgId: MMSG-26655]
Buyitem.c(95): web_concurrent_end started  	[MsgId: MMSG-26355]
Buyitem.c(95): web_concurrent_end was successful, 2877 body bytes, 681 header bytes  	[MsgId: MMSG-26386]
Buyitem.c(97): Notify: Transaction "buyitem" ended with a "Pass" status (Duration: 41.0792 Think Time: 40.0238 Wasted Time: 0.0007).	[MsgId: MMSG-16870]
Buyitem.c(99): Error: Cannot start transaction "logout". This Vuser already started a transaction with the same name, and has not yet processed the corresponding lr_end_transaction statement.	[MsgId: MERR-16993]
End auto log messages stack.	[MsgId: MMSG-10544]


Start auto log messages stack - Iteration 2.	[MsgId: MMSG-10545]
Buyitem.c(71): Registering web_url("public.onepagecheckout.js") was successful  	[MsgId: MMSG-26390]
Buyitem.c(79): web_url("public.accordion.js") started  	[MsgId: MMSG-26355]
Buyitem.c(79): Registering web_url("public.accordion.js") was successful  	[MsgId: MMSG-26390]
Buyitem.c(87): web_url("favicon.ico_6") started  	[MsgId: MMSG-26355]
Buyitem.c(87): Resource "https://demowebshop.tricentis.com/favicon.ico" is in the cache already and will not be downloaded again  	[MsgId: MMSG-26655]
Buyitem.c(95): web_concurrent_end started  	[MsgId: MMSG-26355]
Buyitem.c(95): web_concurrent_end was successful, 2877 body bytes, 681 header bytes  	[MsgId: MMSG-26386]
Buyitem.c(97): Notify: Transaction "buyitem" ended with a "Pass" status (Duration: 41.3635 Think Time: 40.0135 Wasted Time: 0.0004).	[MsgId: MMSG-16870]
Buyitem.c(99): Error: Cannot start transaction "logout". This Vuser already started a transaction with the same name, and has not yet processed the corresponding lr_end_transaction statement.	[MsgId: MERR-16993]
End auto log messages stack.	[MsgId: MMSG-10544]


Start auto log messages stack - Iteration 4.	[MsgId: MMSG-10545]
Buyitem.c(71): Registering web_url("public.onepagecheckout.js") was successful  	[MsgId: MMSG-26390]
Buyitem.c(79): web_url("public.accordion.js") started  	[MsgId: MMSG-26355]
Buyitem.c(79): Registering web_url("public.accordion.js") was successful  	[MsgId: MMSG-26390]
Buyitem.c(87): web_url("favicon.ico_6") started  	[MsgId: MMSG-26355]
Buyitem.c(87): Resource "https://demowebshop.tricentis.com/favicon.ico" is in the cache already and will not be downloaded again  	[MsgId: MMSG-26655]
Buyitem.c(95): web_concurrent_end started  	[MsgId: MMSG-26355]
Buyitem.c(95): web_concurrent_end was successful, 2877 body bytes, 681 header bytes  	[MsgId: MMSG-26386]
Buyitem.c(97): Notify: Transaction "buyitem" ended with a "Pass" status (Duration: 41.0760 Think Time: 40.0168 Wasted Time: 0.0006).	[MsgId: MMSG-16870]
Buyitem.c(99): Error: Cannot start transaction "logout". This Vuser already started a transaction with the same name, and has not yet processed the corresponding lr_end_transaction statement.	[MsgId: MERR-16993]
End auto log messages stack.	[MsgId: MMSG-10544]


Start auto log messages stack - Iteration 5.	[MsgId: MMSG-10545]
Buyitem.c(71): Registering web_url("public.onepagecheckout.js") was successful  	[MsgId: MMSG-26390]
Buyitem.c(79): web_url("public.accordion.js") started  	[MsgId: MMSG-26355]
Buyitem.c(79): Registering web_url("public.accordion.js") was successful  	[MsgId: MMSG-26390]
Buyitem.c(87): web_url("favicon.ico_6") started  	[MsgId: MMSG-26355]
Buyitem.c(87): Resource "https://demowebshop.tricentis.com/favicon.ico" is in the cache already and will not be downloaded again  	[MsgId: MMSG-26655]
Buyitem.c(95): web_concurrent_end started  	[MsgId: MMSG-26355]
Buyitem.c(95): web_concurrent_end was successful, 2877 body bytes, 681 header bytes  	[MsgId: MMSG-26386]
Buyitem.c(97): Notify: Transaction "buyitem" ended with a "Pass" status (Duration: 41.0616 Think Time: 40.0071 Wasted Time: 0.0005).	[MsgId: MMSG-16870]
Buyitem.c(99): Error: Cannot start transaction "logout". This Vuser already started a transaction with the same name, and has not yet processed the corresponding lr_end_transaction statement.	[MsgId: MERR-16993]
End auto log messages stack.	[MsgId: MMSG-10544]


Start auto log messages stack - Iteration 8.	[MsgId: MMSG-10545]
Buyitem.c(71): Registering web_url("public.onepagecheckout.js") was successful  	[MsgId: MMSG-26390]
Buyitem.c(79): web_url("public.accordion.js") started  	[MsgId: MMSG-26355]
Buyitem.c(79): Registering web_url("public.accordion.js") was successful  	[MsgId: MMSG-26390]
Buyitem.c(87): web_url("favicon.ico_6") started  	[MsgId: MMSG-26355]
Buyitem.c(87): Resource "https://demowebshop.tricentis.com/favicon.ico" is in the cache already and will not be downloaded again  	[MsgId: MMSG-26655]
Buyitem.c(95): web_concurrent_end started  	[MsgId: MMSG-26355]
Buyitem.c(95): web_concurrent_end was successful, 2877 body bytes, 681 header bytes  	[MsgId: MMSG-26386]
Buyitem.c(97): Notify: Transaction "buyitem" ended with a "Pass" status (Duration: 41.0770 Think Time: 40.0208 Wasted Time: 0.0006).	[MsgId: MMSG-16870]
Buyitem.c(99): Error: Cannot start transaction "logout". This Vuser already started a transaction with the same name, and has not yet processed the corresponding lr_end_transaction statement.	[MsgId: MERR-16993]
End auto log messages stack.	[MsgId: MMSG-10544]


Start auto log messages stack - Iteration 7.	[MsgId: MMSG-10545]
Buyitem.c(71): Registering web_url("public.onepagecheckout.js") was successful  	[MsgId: MMSG-26390]
Buyitem.c(79): web_url("public.accordion.js") started  	[MsgId: MMSG-26355]
Buyitem.c(79): Registering web_url("public.accordion.js") was successful  	[MsgId: MMSG-26390]
Buyitem.c(87): web_url("favicon.ico_6") started  	[MsgId: MMSG-26355]
Buyitem.c(87): Resource "https://demowebshop.tricentis.com/favicon.ico" is in the cache already and will not be downloaded again  	[MsgId: MMSG-26655]
Buyitem.c(95): web_concurrent_end started  	[MsgId: MMSG-26355]
Buyitem.c(95): web_concurrent_end was successful, 2877 body bytes, 681 header bytes  	[MsgId: MMSG-26386]
Buyitem.c(97): Notify: Transaction "buyitem" ended with a "Pass" status (Duration: 41.0641 Think Time: 40.0202 Wasted Time: 0.0005).	[MsgId: MMSG-16870]
Buyitem.c(99): Error: Cannot start transaction "logout". This Vuser already started a transaction with the same name, and has not yet processed the corresponding lr_end_transaction statement.	[MsgId: MERR-16993]
End auto log messages stack.	[MsgId: MMSG-10544]


Start auto log messages stack - Iteration 6.	[MsgId: MMSG-10545]
Buyitem.c(71): Registering web_url("public.onepagecheckout.js") was successful  	[MsgId: MMSG-26390]
Buyitem.c(79): web_url("public.accordion.js") started  	[MsgId: MMSG-26355]
Buyitem.c(79): Registering web_url("public.accordion.js") was successful  	[MsgId: MMSG-26390]
Buyitem.c(87): web_url("favicon.ico_6") started  	[MsgId: MMSG-26355]
Buyitem.c(87): Resource "https://demowebshop.tricentis.com/favicon.ico" is in the cache already and will not be downloaded again  	[MsgId: MMSG-26655]
Buyitem.c(95): web_concurrent_end started  	[MsgId: MMSG-26355]
Buyitem.c(95): web_concurrent_end was successful, 2877 body bytes, 681 header bytes  	[MsgId: MMSG-26386]
Buyitem.c(97): Notify: Transaction "buyitem" ended with a "Pass" status (Duration: 41.0441 Think Time: 40.0123 Wasted Time: 0.0009).	[MsgId: MMSG-16870]
Buyitem.c(99): Error: Cannot start transaction "logout". This Vuser already started a transaction with the same name, and has not yet processed the corresponding lr_end_transaction statement.	[MsgId: MERR-16993]
End auto log messages stack.	[MsgId: MMSG-10544]


Start auto log messages stack - Iteration 4.	[MsgId: MMSG-10545]
Buyitem.c(71): Registering web_url("public.onepagecheckout.js") was successful  	[MsgId: MMSG-26390]
Buyitem.c(79): web_url("public.accordion.js") started  	[MsgId: MMSG-26355]
Buyitem.c(79): Registering web_url("public.accordion.js") was successful  	[MsgId: MMSG-26390]
Buyitem.c(87): web_url("favicon.ico_6") started  	[MsgId: MMSG-26355]
Buyitem.c(87): Resource "https://demowebshop.tricentis.com/favicon.ico" is in the cache already and will not be downloaded again  	[MsgId: MMSG-26655]
Buyitem.c(95): web_concurrent_end started  	[MsgId: MMSG-26355]
Buyitem.c(95): web_concurrent_end was successful, 2877 body bytes, 681 header bytes  	[MsgId: MMSG-26386]
Buyitem.c(97): Notify: Transaction "buyitem" ended with a "Pass" status (Duration: 41.0785 Think Time: 40.0143 Wasted Time: 0.0003).	[MsgId: MMSG-16870]
Buyitem.c(99): Error: Cannot start transaction "logout". This Vuser already started a transaction with the same name, and has not yet processed the corresponding lr_end_transaction statement.	[MsgId: MERR-16993]
End auto log messages stack.	[MsgId: MMSG-10544]


Start auto log messages stack - Iteration 3.	[MsgId: MMSG-10545]
Buyitem.c(71): Registering web_url("public.onepagecheckout.js") was successful  	[MsgId: MMSG-26390]
Buyitem.c(79): web_url("public.accordion.js") started  	[MsgId: MMSG-26355]
Buyitem.c(79): Registering web_url("public.accordion.js") was successful  	[MsgId: MMSG-26390]
Buyitem.c(87): web_url("favicon.ico_6") started  	[MsgId: MMSG-26355]
Buyitem.c(87): Resource "https://demowebshop.tricentis.com/favicon.ico" is in the cache already and will not be downloaded again  	[MsgId: MMSG-26655]
Buyitem.c(95): web_concurrent_end started  	[MsgId: MMSG-26355]
Buyitem.c(95): web_concurrent_end was successful, 2877 body bytes, 681 header bytes  	[MsgId: MMSG-26386]
Buyitem.c(97): Notify: Transaction "buyitem" ended with a "Pass" status (Duration: 41.0589 Think Time: 40.0161 Wasted Time: 0.0005).	[MsgId: MMSG-16870]
Buyitem.c(99): Error: Cannot start transaction "logout". This Vuser already started a transaction with the same name, and has not yet processed the corresponding lr_end_transaction statement.	[MsgId: MERR-16993]
End auto log messages stack.	[MsgId: MMSG-10544]


Start auto log messages stack - Iteration 5.	[MsgId: MMSG-10545]
Buyitem.c(71): Registering web_url("public.onepagecheckout.js") was successful  	[MsgId: MMSG-26390]
Buyitem.c(79): web_url("public.accordion.js") started  	[MsgId: MMSG-26355]
Buyitem.c(79): Registering web_url("public.accordion.js") was successful  	[MsgId: MMSG-26390]
Buyitem.c(87): web_url("favicon.ico_6") started  	[MsgId: MMSG-26355]
Buyitem.c(87): Resource "https://demowebshop.tricentis.com/favicon.ico" is in the cache already and will not be downloaded again  	[MsgId: MMSG-26655]
Buyitem.c(95): web_concurrent_end started  	[MsgId: MMSG-26355]
Buyitem.c(95): web_concurrent_end was successful, 2877 body bytes, 681 header bytes  	[MsgId: MMSG-26386]
Buyitem.c(97): Notify: Transaction "buyitem" ended with a "Pass" status (Duration: 41.0079 Think Time: 40.0189 Wasted Time: 0.0006).	[MsgId: MMSG-16870]
Buyitem.c(99): Error: Cannot start transaction "logout". This Vuser already started a transaction with the same name, and has not yet processed the corresponding lr_end_transaction statement.	[MsgId: MERR-16993]
End auto log messages stack.	[MsgId: MMSG-10544]


Start auto log messages stack - Iteration 6.	[MsgId: MMSG-10545]
Buyitem.c(71): Registering web_url("public.onepagecheckout.js") was successful  	[MsgId: MMSG-26390]
Buyitem.c(79): web_url("public.accordion.js") started  	[MsgId: MMSG-26355]
Buyitem.c(79): Registering web_url("public.accordion.js") was successful  	[MsgId: MMSG-26390]
Buyitem.c(87): web_url("favicon.ico_6") started  	[MsgId: MMSG-26355]
Buyitem.c(87): Resource "https://demowebshop.tricentis.com/favicon.ico" is in the cache already and will not be downloaded again  	[MsgId: MMSG-26655]
Buyitem.c(95): web_concurrent_end started  	[MsgId: MMSG-26355]
Buyitem.c(95): web_concurrent_end was successful, 2877 body bytes, 681 header bytes  	[MsgId: MMSG-26386]
Buyitem.c(97): Notify: Transaction "buyitem" ended with a "Pass" status (Duration: 41.7391 Think Time: 40.0139 Wasted Time: 0.0005).	[MsgId: MMSG-16870]
Buyitem.c(99): Error: Cannot start transaction "logout". This Vuser already started a transaction with the same name, and has not yet processed the corresponding lr_end_transaction statement.	[MsgId: MERR-16993]
End auto log messages stack.	[MsgId: MMSG-10544]


Start auto log messages stack - Iteration 2.	[MsgId: MMSG-10545]
Buyitem.c(71): Registering web_url("public.onepagecheckout.js") was successful  	[MsgId: MMSG-26390]
Buyitem.c(79): web_url("public.accordion.js") started  	[MsgId: MMSG-26355]
Buyitem.c(79): Registering web_url("public.accordion.js") was successful  	[MsgId: MMSG-26390]
Buyitem.c(87): web_url("favicon.ico_6") started  	[MsgId: MMSG-26355]
Buyitem.c(87): Resource "https://demowebshop.tricentis.com/favicon.ico" is in the cache already and will not be downloaded again  	[MsgId: MMSG-26655]
Buyitem.c(95): web_concurrent_end started  	[MsgId: MMSG-26355]
Buyitem.c(95): web_concurrent_end was successful, 2877 body bytes, 681 header bytes  	[MsgId: MMSG-26386]
Buyitem.c(97): Notify: Transaction "buyitem" ended with a "Pass" status (Duration: 41.0919 Think Time: 40.0143 Wasted Time: 0.0003).	[MsgId: MMSG-16870]
Buyitem.c(99): Error: Cannot start transaction "logout". This Vuser already started a transaction with the same name, and has not yet processed the corresponding lr_end_transaction statement.	[MsgId: MERR-16993]
End auto log messages stack.	[MsgId: MMSG-10544]


Start auto log messages stack - Iteration 9.	[MsgId: MMSG-10545]
Buyitem.c(71): Registering web_url("public.onepagecheckout.js") was successful  	[MsgId: MMSG-26390]
Buyitem.c(79): web_url("public.accordion.js") started  	[MsgId: MMSG-26355]
Buyitem.c(79): Registering web_url("public.accordion.js") was successful  	[MsgId: MMSG-26390]
Buyitem.c(87): web_url("favicon.ico_6") started  	[MsgId: MMSG-26355]
Buyitem.c(87): Resource "https://demowebshop.tricentis.com/favicon.ico" is in the cache already and will not be downloaded again  	[MsgId: MMSG-26655]
Buyitem.c(95): web_concurrent_end started  	[MsgId: MMSG-26355]
Buyitem.c(95): web_concurrent_end was successful, 2877 body bytes, 681 header bytes  	[MsgId: MMSG-26386]
Buyitem.c(97): Notify: Transaction "buyitem" ended with a "Pass" status (Duration: 42.1811 Think Time: 40.0134 Wasted Time: 0.0004).	[MsgId: MMSG-16870]
Buyitem.c(99): Error: Cannot start transaction "logout". This Vuser already started a transaction with the same name, and has not yet processed the corresponding lr_end_transaction statement.	[MsgId: MERR-16993]
End auto log messages stack.	[MsgId: MMSG-10544]


Start auto log messages stack - Iteration 8.	[MsgId: MMSG-10545]
Buyitem.c(71): Registering web_url("public.onepagecheckout.js") was successful  	[MsgId: MMSG-26390]
Buyitem.c(79): web_url("public.accordion.js") started  	[MsgId: MMSG-26355]
Buyitem.c(79): Registering web_url("public.accordion.js") was successful  	[MsgId: MMSG-26390]
Buyitem.c(87): web_url("favicon.ico_6") started  	[MsgId: MMSG-26355]
Buyitem.c(87): Resource "https://demowebshop.tricentis.com/favicon.ico" is in the cache already and will not be downloaded again  	[MsgId: MMSG-26655]
Buyitem.c(95): web_concurrent_end started  	[MsgId: MMSG-26355]
Buyitem.c(95): web_concurrent_end was successful, 2877 body bytes, 681 header bytes  	[MsgId: MMSG-26386]
Buyitem.c(97): Notify: Transaction "buyitem" ended with a "Pass" status (Duration: 41.4177 Think Time: 40.0217 Wasted Time: 0.0008).	[MsgId: MMSG-16870]
Buyitem.c(99): Error: Cannot start transaction "logout". This Vuser already started a transaction with the same name, and has not yet processed the corresponding lr_end_transaction statement.	[MsgId: MERR-16993]
End auto log messages stack.	[MsgId: MMSG-10544]


Start auto log messages stack - Iteration 7.	[MsgId: MMSG-10545]
Buyitem.c(71): Registering web_url("public.onepagecheckout.js") was successful  	[MsgId: MMSG-26390]
Buyitem.c(79): web_url("public.accordion.js") started  	[MsgId: MMSG-26355]
Buyitem.c(79): Registering web_url("public.accordion.js") was successful  	[MsgId: MMSG-26390]
Buyitem.c(87): web_url("favicon.ico_6") started  	[MsgId: MMSG-26355]
Buyitem.c(87): Resource "https://demowebshop.tricentis.com/favicon.ico" is in the cache already and will not be downloaded again  	[MsgId: MMSG-26655]
Buyitem.c(95): web_concurrent_end started  	[MsgId: MMSG-26355]
Buyitem.c(95): web_concurrent_end was successful, 2877 body bytes, 681 header bytes  	[MsgId: MMSG-26386]
Buyitem.c(97): Notify: Transaction "buyitem" ended with a "Pass" status (Duration: 41.0671 Think Time: 40.0129 Wasted Time: 0.0004).	[MsgId: MMSG-16870]
Buyitem.c(99): Error: Cannot start transaction "logout". This Vuser already started a transaction with the same name, and has not yet processed the corresponding lr_end_transaction statement.	[MsgId: MERR-16993]
End auto log messages stack.	[MsgId: MMSG-10544]


Start auto log messages stack - Iteration 5.	[MsgId: MMSG-10545]
Buyitem.c(71): Registering web_url("public.onepagecheckout.js") was successful  	[MsgId: MMSG-26390]
Buyitem.c(79): web_url("public.accordion.js") started  	[MsgId: MMSG-26355]
Buyitem.c(79): Registering web_url("public.accordion.js") was successful  	[MsgId: MMSG-26390]
Buyitem.c(87): web_url("favicon.ico_6") started  	[MsgId: MMSG-26355]
Buyitem.c(87): Resource "https://demowebshop.tricentis.com/favicon.ico" is in the cache already and will not be downloaded again  	[MsgId: MMSG-26655]
Buyitem.c(95): web_concurrent_end started  	[MsgId: MMSG-26355]
Buyitem.c(95): web_concurrent_end was successful, 2877 body bytes, 681 header bytes  	[MsgId: MMSG-26386]
Buyitem.c(97): Notify: Transaction "buyitem" ended with a "Pass" status (Duration: 41.0745 Think Time: 40.0137 Wasted Time: 0.0006).	[MsgId: MMSG-16870]
Buyitem.c(99): Error: Cannot start transaction "logout". This Vuser already started a transaction with the same name, and has not yet processed the corresponding lr_end_transaction statement.	[MsgId: MERR-16993]
End auto log messages stack.	[MsgId: MMSG-10544]


Start auto log messages stack - Iteration 4.	[MsgId: MMSG-10545]
Buyitem.c(71): Registering web_url("public.onepagecheckout.js") was successful  	[MsgId: MMSG-26390]
Buyitem.c(79): web_url("public.accordion.js") started  	[MsgId: MMSG-26355]
Buyitem.c(79): Registering web_url("public.accordion.js") was successful  	[MsgId: MMSG-26390]
Buyitem.c(87): web_url("favicon.ico_6") started  	[MsgId: MMSG-26355]
Buyitem.c(87): Resource "https://demowebshop.tricentis.com/favicon.ico" is in the cache already and will not be downloaded again  	[MsgId: MMSG-26655]
Buyitem.c(95): web_concurrent_end started  	[MsgId: MMSG-26355]
Buyitem.c(95): web_concurrent_end was successful, 2877 body bytes, 681 header bytes  	[MsgId: MMSG-26386]
Buyitem.c(97): Notify: Transaction "buyitem" ended with a "Pass" status (Duration: 41.0720 Think Time: 40.0160 Wasted Time: 0.0008).	[MsgId: MMSG-16870]
Buyitem.c(99): Error: Cannot start transaction "logout". This Vuser already started a transaction with the same name, and has not yet processed the corresponding lr_end_transaction statement.	[MsgId: MERR-16993]
End auto log messages stack.	[MsgId: MMSG-10544]


Start auto log messages stack - Iteration 6.	[MsgId: MMSG-10545]
Buyitem.c(71): Registering web_url("public.onepagecheckout.js") was successful  	[MsgId: MMSG-26390]
Buyitem.c(79): web_url("public.accordion.js") started  	[MsgId: MMSG-26355]
Buyitem.c(79): Registering web_url("public.accordion.js") was successful  	[MsgId: MMSG-26390]
Buyitem.c(87): web_url("favicon.ico_6") started  	[MsgId: MMSG-26355]
Buyitem.c(87): Resource "https://demowebshop.tricentis.com/favicon.ico" is in the cache already and will not be downloaded again  	[MsgId: MMSG-26655]
Buyitem.c(95): web_concurrent_end started  	[MsgId: MMSG-26355]
Buyitem.c(95): web_concurrent_end was successful, 2877 body bytes, 681 header bytes  	[MsgId: MMSG-26386]
Buyitem.c(97): Notify: Transaction "buyitem" ended with a "Pass" status (Duration: 41.0251 Think Time: 40.0045 Wasted Time: 0.0006).	[MsgId: MMSG-16870]
Buyitem.c(99): Error: Cannot start transaction "logout". This Vuser already started a transaction with the same name, and has not yet processed the corresponding lr_end_transaction statement.	[MsgId: MERR-16993]
End auto log messages stack.	[MsgId: MMSG-10544]


Start auto log messages stack - Iteration 7.	[MsgId: MMSG-10545]
Buyitem.c(71): Registering web_url("public.onepagecheckout.js") was successful  	[MsgId: MMSG-26390]
Buyitem.c(79): web_url("public.accordion.js") started  	[MsgId: MMSG-26355]
Buyitem.c(79): Registering web_url("public.accordion.js") was successful  	[MsgId: MMSG-26390]
Buyitem.c(87): web_url("favicon.ico_6") started  	[MsgId: MMSG-26355]
Buyitem.c(87): Resource "https://demowebshop.tricentis.com/favicon.ico" is in the cache already and will not be downloaded again  	[MsgId: MMSG-26655]
Buyitem.c(95): web_concurrent_end started  	[MsgId: MMSG-26355]
Buyitem.c(95): web_concurrent_end was successful, 2877 body bytes, 681 header bytes  	[MsgId: MMSG-26386]
Buyitem.c(97): Notify: Transaction "buyitem" ended with a "Pass" status (Duration: 42.4012 Think Time: 40.0249 Wasted Time: 0.0006).	[MsgId: MMSG-16870]
Buyitem.c(99): Error: Cannot start transaction "logout". This Vuser already started a transaction with the same name, and has not yet processed the corresponding lr_end_transaction statement.	[MsgId: MERR-16993]
End auto log messages stack.	[MsgId: MMSG-10544]


Start auto log messages stack - Iteration 2.	[MsgId: MMSG-10545]
Buyitem.c(71): Registering web_url("public.onepagecheckout.js") was successful  	[MsgId: MMSG-26390]
Buyitem.c(79): web_url("public.accordion.js") started  	[MsgId: MMSG-26355]
Buyitem.c(79): Registering web_url("public.accordion.js") was successful  	[MsgId: MMSG-26390]
Buyitem.c(87): web_url("favicon.ico_6") started  	[MsgId: MMSG-26355]
Buyitem.c(87): Resource "https://demowebshop.tricentis.com/favicon.ico" is in the cache already and will not be downloaded again  	[MsgId: MMSG-26655]
Buyitem.c(95): web_concurrent_end started  	[MsgId: MMSG-26355]
Buyitem.c(95): web_concurrent_end was successful, 2877 body bytes, 681 header bytes  	[MsgId: MMSG-26386]
Buyitem.c(97): Notify: Transaction "buyitem" ended with a "Pass" status (Duration: 42.2937 Think Time: 40.0110 Wasted Time: 0.0004).	[MsgId: MMSG-16870]
Buyitem.c(99): Error: Cannot start transaction "logout". This Vuser already started a transaction with the same name, and has not yet processed the corresponding lr_end_transaction statement.	[MsgId: MERR-16993]
End auto log messages stack.	[MsgId: MMSG-10544]


Start auto log messages stack - Iteration 3.	[MsgId: MMSG-10545]
Buyitem.c(71): Registering web_url("public.onepagecheckout.js") was successful  	[MsgId: MMSG-26390]
Buyitem.c(79): web_url("public.accordion.js") started  	[MsgId: MMSG-26355]
Buyitem.c(79): Registering web_url("public.accordion.js") was successful  	[MsgId: MMSG-26390]
Buyitem.c(87): web_url("favicon.ico_6") started  	[MsgId: MMSG-26355]
Buyitem.c(87): Resource "https://demowebshop.tricentis.com/favicon.ico" is in the cache already and will not be downloaded again  	[MsgId: MMSG-26655]
Buyitem.c(95): web_concurrent_end started  	[MsgId: MMSG-26355]
Buyitem.c(95): web_concurrent_end was successful, 2877 body bytes, 681 header bytes  	[MsgId: MMSG-26386]
Buyitem.c(97): Notify: Transaction "buyitem" ended with a "Pass" status (Duration: 41.8224 Think Time: 40.0227 Wasted Time: 0.0005).	[MsgId: MMSG-16870]
Buyitem.c(99): Error: Cannot start transaction "logout". This Vuser already started a transaction with the same name, and has not yet processed the corresponding lr_end_transaction statement.	[MsgId: MERR-16993]
End auto log messages stack.	[MsgId: MMSG-10544]


Start auto log messages stack - Iteration 10.	[MsgId: MMSG-10545]
Buyitem.c(71): Registering web_url("public.onepagecheckout.js") was successful  	[MsgId: MMSG-26390]
Buyitem.c(79): web_url("public.accordion.js") started  	[MsgId: MMSG-26355]
Buyitem.c(79): Registering web_url("public.accordion.js") was successful  	[MsgId: MMSG-26390]
Buyitem.c(87): web_url("favicon.ico_6") started  	[MsgId: MMSG-26355]
Buyitem.c(87): Resource "https://demowebshop.tricentis.com/favicon.ico" is in the cache already and will not be downloaded again  	[MsgId: MMSG-26655]
Buyitem.c(95): web_concurrent_end started  	[MsgId: MMSG-26355]
Buyitem.c(95): web_concurrent_end was successful, 2877 body bytes, 681 header bytes  	[MsgId: MMSG-26386]
Buyitem.c(97): Notify: Transaction "buyitem" ended with a "Pass" status (Duration: 42.4397 Think Time: 40.0129 Wasted Time: 0.0005).	[MsgId: MMSG-16870]
Buyitem.c(99): Error: Cannot start transaction "logout". This Vuser already started a transaction with the same name, and has not yet processed the corresponding lr_end_transaction statement.	[MsgId: MERR-16993]
End auto log messages stack.	[MsgId: MMSG-10544]


Start auto log messages stack - Iteration 9.	[MsgId: MMSG-10545]
Buyitem.c(71): Registering web_url("public.onepagecheckout.js") was successful  	[MsgId: MMSG-26390]
Buyitem.c(79): web_url("public.accordion.js") started  	[MsgId: MMSG-26355]
Buyitem.c(79): Registering web_url("public.accordion.js") was successful  	[MsgId: MMSG-26390]
Buyitem.c(87): web_url("favicon.ico_6") started  	[MsgId: MMSG-26355]
Buyitem.c(87): Resource "https://demowebshop.tricentis.com/favicon.ico" is in the cache already and will not be downloaded again  	[MsgId: MMSG-26655]
Buyitem.c(95): web_concurrent_end started  	[MsgId: MMSG-26355]
Buyitem.c(95): web_concurrent_end was successful, 2877 body bytes, 681 header bytes  	[MsgId: MMSG-26386]
Buyitem.c(97): Notify: Transaction "buyitem" ended with a "Pass" status (Duration: 42.3342 Think Time: 40.0216 Wasted Time: 0.0005).	[MsgId: MMSG-16870]
Buyitem.c(99): Error: Cannot start transaction "logout". This Vuser already started a transaction with the same name, and has not yet processed the corresponding lr_end_transaction statement.	[MsgId: MERR-16993]
End auto log messages stack.	[MsgId: MMSG-10544]


Start auto log messages stack - Iteration 6.	[MsgId: MMSG-10545]
Buyitem.c(71): Registering web_url("public.onepagecheckout.js") was successful  	[MsgId: MMSG-26390]
Buyitem.c(79): web_url("public.accordion.js") started  	[MsgId: MMSG-26355]
Buyitem.c(79): Registering web_url("public.accordion.js") was successful  	[MsgId: MMSG-26390]
Buyitem.c(87): web_url("favicon.ico_6") started  	[MsgId: MMSG-26355]
Buyitem.c(87): Resource "https://demowebshop.tricentis.com/favicon.ico" is in the cache already and will not be downloaded again  	[MsgId: MMSG-26655]
Buyitem.c(95): web_concurrent_end started  	[MsgId: MMSG-26355]
Buyitem.c(95): web_concurrent_end was successful, 2877 body bytes, 681 header bytes  	[MsgId: MMSG-26386]
Buyitem.c(97): Notify: Transaction "buyitem" ended with a "Pass" status (Duration: 41.0886 Think Time: 40.0178 Wasted Time: 0.0006).	[MsgId: MMSG-16870]
Buyitem.c(99): Error: Cannot start transaction "logout". This Vuser already started a transaction with the same name, and has not yet processed the corresponding lr_end_transaction statement.	[MsgId: MERR-16993]
End auto log messages stack.	[MsgId: MMSG-10544]


Start auto log messages stack - Iteration 5.	[MsgId: MMSG-10545]
Buyitem.c(71): Registering web_url("public.onepagecheckout.js") was successful  	[MsgId: MMSG-26390]
Buyitem.c(79): web_url("public.accordion.js") started  	[MsgId: MMSG-26355]
Buyitem.c(79): Registering web_url("public.accordion.js") was successful  	[MsgId: MMSG-26390]
Buyitem.c(87): web_url("favicon.ico_6") started  	[MsgId: MMSG-26355]
Buyitem.c(87): Resource "https://demowebshop.tricentis.com/favicon.ico" is in the cache already and will not be downloaded again  	[MsgId: MMSG-26655]
Buyitem.c(95): web_concurrent_end started  	[MsgId: MMSG-26355]
Buyitem.c(95): web_concurrent_end was successful, 2877 body bytes, 681 header bytes  	[MsgId: MMSG-26386]
Buyitem.c(97): Notify: Transaction "buyitem" ended with a "Pass" status (Duration: 41.8986 Think Time: 40.4593 Wasted Time: 0.0003).	[MsgId: MMSG-16870]
Buyitem.c(99): Error: Cannot start transaction "logout". This Vuser already started a transaction with the same name, and has not yet processed the corresponding lr_end_transaction statement.	[MsgId: MERR-16993]
End auto log messages stack.	[MsgId: MMSG-10544]


Start auto log messages stack - Iteration 7.	[MsgId: MMSG-10545]
Buyitem.c(71): Registering web_url("public.onepagecheckout.js") was successful  	[MsgId: MMSG-26390]
Buyitem.c(79): web_url("public.accordion.js") started  	[MsgId: MMSG-26355]
Buyitem.c(79): Registering web_url("public.accordion.js") was successful  	[MsgId: MMSG-26390]
Buyitem.c(87): web_url("favicon.ico_6") started  	[MsgId: MMSG-26355]
Buyitem.c(87): Resource "https://demowebshop.tricentis.com/favicon.ico" is in the cache already and will not be downloaded again  	[MsgId: MMSG-26655]
Buyitem.c(95): web_concurrent_end started  	[MsgId: MMSG-26355]
Buyitem.c(95): web_concurrent_end was successful, 2877 body bytes, 681 header bytes  	[MsgId: MMSG-26386]
Buyitem.c(97): Notify: Transaction "buyitem" ended with a "Pass" status (Duration: 42.1822 Think Time: 40.0160 Wasted Time: 0.0003).	[MsgId: MMSG-16870]
Buyitem.c(99): Error: Cannot start transaction "logout". This Vuser already started a transaction with the same name, and has not yet processed the corresponding lr_end_transaction statement.	[MsgId: MERR-16993]
End auto log messages stack.	[MsgId: MMSG-10544]


Start auto log messages stack - Iteration 3.	[MsgId: MMSG-10545]
Buyitem.c(71): Registering web_url("public.onepagecheckout.js") was successful  	[MsgId: MMSG-26390]
Buyitem.c(79): web_url("public.accordion.js") started  	[MsgId: MMSG-26355]
Buyitem.c(79): Registering web_url("public.accordion.js") was successful  	[MsgId: MMSG-26390]
Buyitem.c(87): web_url("favicon.ico_6") started  	[MsgId: MMSG-26355]
Buyitem.c(87): Resource "https://demowebshop.tricentis.com/favicon.ico" is in the cache already and will not be downloaded again  	[MsgId: MMSG-26655]
Buyitem.c(95): web_concurrent_end started  	[MsgId: MMSG-26355]
Buyitem.c(95): web_concurrent_end was successful, 2877 body bytes, 681 header bytes  	[MsgId: MMSG-26386]
Buyitem.c(97): Notify: Transaction "buyitem" ended with a "Pass" status (Duration: 44.2265 Think Time: 40.0259 Wasted Time: 0.0003).	[MsgId: MMSG-16870]
Buyitem.c(99): Error: Cannot start transaction "logout". This Vuser already started a transaction with the same name, and has not yet processed the corresponding lr_end_transaction statement.	[MsgId: MERR-16993]
End auto log messages stack.	[MsgId: MMSG-10544]


Start auto log messages stack - Iteration 4.	[MsgId: MMSG-10545]
Buyitem.c(71): Registering web_url("public.onepagecheckout.js") was successful  	[MsgId: MMSG-26390]
Buyitem.c(79): web_url("public.accordion.js") started  	[MsgId: MMSG-26355]
Buyitem.c(79): Registering web_url("public.accordion.js") was successful  	[MsgId: MMSG-26390]
Buyitem.c(87): web_url("favicon.ico_6") started  	[MsgId: MMSG-26355]
Buyitem.c(87): Resource "https://demowebshop.tricentis.com/favicon.ico" is in the cache already and will not be downloaded again  	[MsgId: MMSG-26655]
Buyitem.c(95): web_concurrent_end started  	[MsgId: MMSG-26355]
Buyitem.c(95): web_concurrent_end was successful, 2877 body bytes, 681 header bytes  	[MsgId: MMSG-26386]
Buyitem.c(97): Notify: Transaction "buyitem" ended with a "Pass" status (Duration: 43.8456 Think Time: 40.0126 Wasted Time: 0.0003).	[MsgId: MMSG-16870]
Buyitem.c(99): Error: Cannot start transaction "logout". This Vuser already started a transaction with the same name, and has not yet processed the corresponding lr_end_transaction statement.	[MsgId: MERR-16993]
End auto log messages stack.	[MsgId: MMSG-10544]


Start auto log messages stack - Iteration 2.	[MsgId: MMSG-10545]
Buyitem.c(71): Registering web_url("public.onepagecheckout.js") was successful  	[MsgId: MMSG-26390]
Buyitem.c(79): web_url("public.accordion.js") started  	[MsgId: MMSG-26355]
Buyitem.c(79): Registering web_url("public.accordion.js") was successful  	[MsgId: MMSG-26390]
Buyitem.c(87): web_url("favicon.ico_6") started  	[MsgId: MMSG-26355]
Buyitem.c(87): Resource "https://demowebshop.tricentis.com/favicon.ico" is in the cache already and will not be downloaded again  	[MsgId: MMSG-26655]
Buyitem.c(95): web_concurrent_end started  	[MsgId: MMSG-26355]
Buyitem.c(95): web_concurrent_end was successful, 2877 body bytes, 681 header bytes  	[MsgId: MMSG-26386]
Buyitem.c(97): Notify: Transaction "buyitem" ended with a "Pass" status (Duration: 42.7512 Think Time: 40.0079 Wasted Time: 0.0012).	[MsgId: MMSG-16870]
Buyitem.c(99): Error: Cannot start transaction "logout". This Vuser already started a transaction with the same name, and has not yet processed the corresponding lr_end_transaction statement.	[MsgId: MERR-16993]
End auto log messages stack.	[MsgId: MMSG-10544]


Start auto log messages stack - Iteration 4.	[MsgId: MMSG-10545]
Buyitem.c(71): Registering web_url("public.onepagecheckout.js") was successful  	[MsgId: MMSG-26390]
Buyitem.c(79): web_url("public.accordion.js") started  	[MsgId: MMSG-26355]
Buyitem.c(79): Registering web_url("public.accordion.js") was successful  	[MsgId: MMSG-26390]
Buyitem.c(87): web_url("favicon.ico_6") started  	[MsgId: MMSG-26355]
Buyitem.c(87): Resource "https://demowebshop.tricentis.com/favicon.ico" is in the cache already and will not be downloaded again  	[MsgId: MMSG-26655]
Buyitem.c(95): web_concurrent_end started  	[MsgId: MMSG-26355]
Buyitem.c(95): web_concurrent_end was successful, 2877 body bytes, 681 header bytes  	[MsgId: MMSG-26386]
Buyitem.c(97): Notify: Transaction "buyitem" ended with a "Pass" status (Duration: 41.0965 Think Time: 40.0039 Wasted Time: 0.0003).	[MsgId: MMSG-16870]
Buyitem.c(99): Error: Cannot start transaction "logout". This Vuser already started a transaction with the same name, and has not yet processed the corresponding lr_end_transaction statement.	[MsgId: MERR-16993]
End auto log messages stack.	[MsgId: MMSG-10544]


Start auto log messages stack - Iteration 3.	[MsgId: MMSG-10545]
Buyitem.c(71): Registering web_url("public.onepagecheckout.js") was successful  	[MsgId: MMSG-26390]
Buyitem.c(79): web_url("public.accordion.js") started  	[MsgId: MMSG-26355]
Buyitem.c(79): Registering web_url("public.accordion.js") was successful  	[MsgId: MMSG-26390]
Buyitem.c(87): web_url("favicon.ico_6") started  	[MsgId: MMSG-26355]
Buyitem.c(87): Resource "https://demowebshop.tricentis.com/favicon.ico" is in the cache already and will not be downloaded again  	[MsgId: MMSG-26655]
Buyitem.c(95): web_concurrent_end started  	[MsgId: MMSG-26355]
Buyitem.c(95): web_concurrent_end was successful, 2877 body bytes, 681 header bytes  	[MsgId: MMSG-26386]
Buyitem.c(97): Notify: Transaction "buyitem" ended with a "Pass" status (Duration: 42.6268 Think Time: 40.0098 Wasted Time: 0.0004).	[MsgId: MMSG-16870]
Buyitem.c(99): Error: Cannot start transaction "logout". This Vuser already started a transaction with the same name, and has not yet processed the corresponding lr_end_transaction statement.	[MsgId: MERR-16993]
End auto log messages stack.	[MsgId: MMSG-10544]


